#
# There is insufficient memory for the Java Runtime Environment to continue.
# Native memory allocation (mmap) failed to map 78643200 bytes for committing reserved memory.
# Possible reasons:
#   The system is out of physical RAM or swap space
#   The process is running with CompressedOops enabled, and the Java Heap may be blocking the growth of the native heap
# Possible solutions:
#   Reduce memory load on the system
#   Increase physical memory or swap space
#   Check if swap backing store is full
#   Decrease Java heap size (-Xmx/-Xms)
#   Decrease number of Java threads
#   Decrease Java thread stack sizes (-Xss)
#   Set larger code cache with -XX:ReservedCodeCacheSize=
#   JVM is running with Unscaled Compressed Oops mode in which the Java heap is
#     placed in the first 4GB address space. The Java Heap base address is the
#     maximum limit for the native heap growth. Please use -XX:HeapBaseMinAddress
#     to set the Java Heap base and to place the Java Heap above 4GB virtual address.
# This output file may be truncated or incomplete.
#
#  Out of Memory Error (os_linux.cpp:2753), pid=25879, tid=0x00007f7eb0b01700
#
# JRE version: OpenJDK Runtime Environment (8.0_202) (build 1.8.0_202-release-1483-b49-5587405)
# Java VM: OpenJDK 64-Bit Server VM (25.202-b49-5587405 mixed mode linux-amd64 compressed oops)
# Failed to write core dump. Core dumps have been disabled. To enable core dumping, try "ulimit -c unlimited" before starting Java again
#

---------------  T H R E A D  ---------------

Current thread (0x00007f7eac079800):  VMThread [stack: 0x00007f7eb0a02000,0x00007f7eb0b02000] [id=25888]

Stack: [0x00007f7eb0a02000,0x00007f7eb0b02000],  sp=0x00007f7eb0b004f0,  free space=1017k
Native frames: (J=compiled Java code, j=interpreted, Vv=VM code, C=native code)
V  [libjvm.so+0xa08b78]  VMError::report_and_die()+0x148
V  [libjvm.so+0x4d412a]  report_vm_out_of_memory(char const*, int, unsigned long, VMErrorType, char const*)+0x8a
V  [libjvm.so+0x870478]  os::pd_commit_memory(char*, unsigned long, unsigned long, bool)+0xd8
V  [libjvm.so+0x867f9f]  os::commit_memory(char*, unsigned long, unsigned long, bool)+0x1f
V  [libjvm.so+0x8e14eb]  PSVirtualSpace::expand_by(unsigned long)+0x5b
V  [libjvm.so+0x8e2140]  PSYoungGen::resize_generation(unsigned long, unsigned long)+0xb0
V  [libjvm.so+0x8e245b]  PSYoungGen::resize(unsigned long, unsigned long)+0x1b
V  [libjvm.so+0x8deb8e]  PSScavenge::invoke_no_policy()+0xdce
V  [libjvm.so+0x8d86b0]  PSParallelCompact::invoke(bool)+0x40
V  [libjvm.so+0x461173]  CollectedHeap::collect_as_vm_thread(GCCause::Cause)+0x143
V  [libjvm.so+0xa09f91]  VM_CollectForMetadataAllocation::doit()+0x141
V  [libjvm.so+0xa0ea17]  VM_Operation::evaluate()+0x47
V  [libjvm.so+0xa0d498]  VMThread::evaluate_operation(VM_Operation*)+0x218
V  [libjvm.so+0xa0d8d1]  VMThread::loop()+0x1f1
V  [libjvm.so+0xa0dd02]  VMThread::run()+0x72
V  [libjvm.so+0x86d652]  java_start(Thread*)+0xf2

VM_Operation (0x00007f7e8fff7420): CollectForMetadataAllocation, mode: safepoint, requested by thread 0x00007f7e54008000


---------------  P R O C E S S  ---------------

Java Threads: ( => current thread )
  0x00007f7e408ff800 JavaThread "Cache worker for file hash cache (/home/re-animator/Documents/C2C/.gradle/5.4.1/fileHashes)" [_thread_blocked, id=25913, stack(0x00007f7e8f3f8000,0x00007f7e8f4f9000)]
  0x00007f7e40113800 JavaThread "Cache worker for journal cache (/home/re-animator/.gradle/caches/journal-1)" [_thread_blocked, id=25911, stack(0x00007f7e8f6f9000,0x00007f7e8f7fa000)]
  0x00007f7e40111000 JavaThread "File lock request listener" [_thread_in_native, id=25910, stack(0x00007f7e8f7fa000,0x00007f7e8f8fb000)]
  0x00007f7e40109000 JavaThread "Cache worker for file hash cache (/home/re-animator/.gradle/caches/5.4.1/fileHashes)" [_thread_blocked, id=25909, stack(0x00007f7e8f8fb000,0x00007f7e8f9fc000)]
  0x00007f7e40016800 JavaThread "Thread-9" [_thread_blocked, id=25908, stack(0x00007f7e8f9fc000,0x00007f7e8fafd000)]
  0x00007f7e4000f000 JavaThread "Stdin handler" [_thread_blocked, id=25907, stack(0x00007f7e8fcfd000,0x00007f7e8fdfe000)]
  0x00007f7e4000d800 JavaThread "Asynchronous log dispatcher for DefaultDaemonConnection: socket connection from /127.0.0.1:39991 to /127.0.0.1:36730" [_thread_blocked, id=25906, stack(0x00007f7e8fdfe000,0x00007f7e8feff000)]
  0x00007f7e54008000 JavaThread "Daemon worker" [_thread_blocked, id=25903, stack(0x00007f7e8feff000,0x00007f7e90000000)]
  0x00007f7e54006000 JavaThread "Cancel handler" [_thread_blocked, id=25902, stack(0x00007f7e94088000,0x00007f7e94189000)]
  0x00007f7e54004000 JavaThread "Handler for socket connection from /127.0.0.1:39991 to /127.0.0.1:36730" [_thread_in_native, id=25901, stack(0x00007f7e94189000,0x00007f7e9428a000)]
  0x00007f7e5c01f800 JavaThread "Daemon" [_thread_blocked, id=25900, stack(0x00007f7e9428a000,0x00007f7e9438b000)]
  0x00007f7eac112000 JavaThread "Daemon periodic checks" [_thread_blocked, id=25899, stack(0x00007f7e9438b000,0x00007f7e9448c000)]
  0x00007f7eac28e000 JavaThread "Incoming local TCP Connector on port 39991" [_thread_in_native, id=25898, stack(0x00007f7e94493000,0x00007f7e94594000)]
  0x00007f7ead131800 JavaThread "Daemon health stats" [_thread_blocked, id=25897, stack(0x00007f7e94798000,0x00007f7e94899000)]
  0x00007f7eac0ca800 JavaThread "Service Thread" daemon [_thread_blocked, id=25895, stack(0x00007f7eb02fa000,0x00007f7eb03fb000)]
  0x00007f7eac0bf800 JavaThread "C1 CompilerThread2" daemon [_thread_blocked, id=25894, stack(0x00007f7eb03fc000,0x00007f7eb04fc000)]
  0x00007f7eac0be000 JavaThread "C2 CompilerThread1" daemon [_thread_blocked, id=25893, stack(0x00007f7eb04fd000,0x00007f7eb05fd000)]
  0x00007f7eac0bb000 JavaThread "C2 CompilerThread0" daemon [_thread_blocked, id=25892, stack(0x00007f7eb05fe000,0x00007f7eb06fe000)]
  0x00007f7eac0b9800 JavaThread "Signal Dispatcher" daemon [_thread_blocked, id=25891, stack(0x00007f7eb06fe000,0x00007f7eb07ff000)]
  0x00007f7eac085800 JavaThread "Finalizer" daemon [_thread_blocked, id=25890, stack(0x00007f7eb07ff000,0x00007f7eb0900000)]
  0x00007f7eac083000 JavaThread "Reference Handler" daemon [_thread_blocked, id=25889, stack(0x00007f7eb0900000,0x00007f7eb0a01000)]
  0x00007f7eac00b800 JavaThread "main" [_thread_blocked, id=25883, stack(0x00007f7eb596a000,0x00007f7eb5a6a000)]

Other Threads:
=>0x00007f7eac079800 VMThread [stack: 0x00007f7eb0a02000,0x00007f7eb0b02000] [id=25888]
  0x00007f7eac0cd000 WatcherThread [stack: 0x00007f7eb01fa000,0x00007f7eb02fa000] [id=25896]

VM state:at safepoint (normal execution)

VM Mutex/Monitor currently owned by a thread:  ([mutex/lock_event])
[0x00007f7eac008070] Threads_lock - owner thread: 0x00007f7eac079800
[0x00007f7eac008570] Heap_lock - owner thread: 0x00007f7e54008000

heap address: 0x00000000a0000000, size: 1536 MB, Compressed Oops mode: 32-bit
Narrow klass base: 0x0000000000000000, Narrow klass shift: 3
Compressed class space size: 1073741824 Address: 0x0000000100000000

Heap:
 PSYoungGen      total 68608K, used 5090K [0x00000000e0000000, 0x00000000e4800000, 0x0000000100000000)
  eden space 63488K, 0% used [0x00000000e0000000,0x00000000e0000000,0x00000000e3e00000)
  from space 5120K, 99% used [0x00000000e3e00000,0x00000000e42f8b60,0x00000000e4300000)
  to   space 5120K, 0% used [0x00000000e4300000,0x00000000e4300000,0x00000000e4800000)
 ParOldGen       total 84992K, used 10060K [0x00000000a0000000, 0x00000000a5300000, 0x00000000e0000000)
  object space 84992K, 11% used [0x00000000a0000000,0x00000000a09d3370,0x00000000a5300000)
 Metaspace       used 20751K, capacity 21188K, committed 21296K, reserved 1067008K
  class space    used 3001K, capacity 3152K, committed 3200K, reserved 1048576K

Card table byte_map: [0x00007f7eb2e8a000,0x00007f7eb318b000] byte_map_base: 0x00007f7eb298a000

Marking Bits: (ParMarkBitMap*) 0x00007f7eb503e920
 Begin Bits: [0x00007f7e95000000, 0x00007f7e96800000)
 End Bits:   [0x00007f7e96800000, 0x00007f7e98000000)

Polling page: 0x00007f7eb5a96000

CodeCache: size=245760Kb used=5972Kb max_used=5986Kb free=239787Kb
 bounds [0x00007f7e9d000000, 0x00007f7e9d5e0000, 0x00007f7eac000000]
 total_blobs=2203 nmethods=1708 adapters=409
 compilation: enabled

Compilation events (10 events):
Event: 4,491 Thread 0x00007f7eac0bf800 1712       3       java.lang.Integer::valueOf (32 bytes)
Event: 4,492 Thread 0x00007f7eac0bf800 nmethod 1712 0x00007f7e9d582f50 code [0x00007f7e9d5830e0, 0x00007f7e9d583430]
Event: 4,523 Thread 0x00007f7eac0bf800 1713       3       java.lang.Class::getEnclosingClass (60 bytes)
Event: 4,525 Thread 0x00007f7eac0bf800 nmethod 1713 0x00007f7e9d5d46d0 code [0x00007f7e9d5d4900, 0x00007f7e9d5d52c8]
Event: 4,549 Thread 0x00007f7eac0be000 1714   !   4       java.util.zip.InflaterInputStream::read (138 bytes)
Event: 4,624 Thread 0x00007f7eac0be000 nmethod 1714 0x00007f7e9d5d9990 code [0x00007f7e9d5d9bc0, 0x00007f7e9d5db1a8]
Event: 4,794 Thread 0x00007f7eac0bf800 1715       3       java.lang.reflect.Constructor::copy (72 bytes)
Event: 4,871 Thread 0x00007f7eac0bf800 nmethod 1715 0x00007f7e9d5d9390 code [0x00007f7e9d5d9520, 0x00007f7e9d5d9878]
Event: 4,897 Thread 0x00007f7eac0bf800 1716       3       java.util.Collections::emptyList (4 bytes)
Event: 4,913 Thread 0x00007f7eac0bf800 nmethod 1716 0x00007f7e9d5d9090 code [0x00007f7e9d5d91e0, 0x00007f7e9d5d9310]

GC Heap History (9 events):
Event: 0,857 GC heap before
{Heap before GC invocations=1 (full 0):
 PSYoungGen      total 36864K, used 31744K [0x00000000e0000000, 0x00000000e2900000, 0x0000000100000000)
  eden space 31744K, 100% used [0x00000000e0000000,0x00000000e1f00000,0x00000000e1f00000)
  from space 5120K, 0% used [0x00000000e2400000,0x00000000e2400000,0x00000000e2900000)
  to   space 5120K, 0% used [0x00000000e1f00000,0x00000000e1f00000,0x00000000e2400000)
 ParOldGen       total 84992K, used 0K [0x00000000a0000000, 0x00000000a5300000, 0x00000000e0000000)
  object space 84992K, 0% used [0x00000000a0000000,0x00000000a0000000,0x00000000a5300000)
 Metaspace       used 6539K, capacity 6736K, committed 7040K, reserved 1056768K
  class space    used 802K, capacity 844K, committed 896K, reserved 1048576K
Event: 0,863 GC heap after
Heap after GC invocations=1 (full 0):
 PSYoungGen      total 36864K, used 4016K [0x00000000e0000000, 0x00000000e2900000, 0x0000000100000000)
  eden space 31744K, 0% used [0x00000000e0000000,0x00000000e0000000,0x00000000e1f00000)
  from space 5120K, 78% used [0x00000000e1f00000,0x00000000e22ec2d0,0x00000000e2400000)
  to   space 5120K, 0% used [0x00000000e2400000,0x00000000e2400000,0x00000000e2900000)
 ParOldGen       total 84992K, used 8K [0x00000000a0000000, 0x00000000a5300000, 0x00000000e0000000)
  object space 84992K, 0% used [0x00000000a0000000,0x00000000a0002000,0x00000000a5300000)
 Metaspace       used 6539K, capacity 6736K, committed 7040K, reserved 1056768K
  class space    used 802K, capacity 844K, committed 896K, reserved 1048576K
}
Event: 1,249 GC heap before
{Heap before GC invocations=2 (full 0):
 PSYoungGen      total 36864K, used 35760K [0x00000000e0000000, 0x00000000e2900000, 0x0000000100000000)
  eden space 31744K, 100% used [0x00000000e0000000,0x00000000e1f00000,0x00000000e1f00000)
  from space 5120K, 78% used [0x00000000e1f00000,0x00000000e22ec2d0,0x00000000e2400000)
  to   space 5120K, 0% used [0x00000000e2400000,0x00000000e2400000,0x00000000e2900000)
 ParOldGen       total 84992K, used 8K [0x00000000a0000000, 0x00000000a5300000, 0x00000000e0000000)
  object space 84992K, 0% used [0x00000000a0000000,0x00000000a0002000,0x00000000a5300000)
 Metaspace       used 8981K, capacity 9246K, committed 9600K, reserved 1056768K
  class space    used 1186K, capacity 1293K, committed 1408K, reserved 1048576K
Event: 1,255 GC heap after
Heap after GC invocations=2 (full 0):
 PSYoungGen      total 36864K, used 4561K [0x00000000e0000000, 0x00000000e4800000, 0x0000000100000000)
  eden space 31744K, 0% used [0x00000000e0000000,0x00000000e0000000,0x00000000e1f00000)
  from space 5120K, 89% used [0x00000000e2400000,0x00000000e28745d0,0x00000000e2900000)
  to   space 5120K, 0% used [0x00000000e1f00000,0x00000000e1f00000,0x00000000e2400000)
 ParOldGen       total 84992K, used 16K [0x00000000a0000000, 0x00000000a5300000, 0x00000000e0000000)
  object space 84992K, 0% used [0x00000000a0000000,0x00000000a0004000,0x00000000a5300000)
 Metaspace       used 8981K, capacity 9246K, committed 9600K, reserved 1056768K
  class space    used 1186K, capacity 1293K, committed 1408K, reserved 1048576K
}
Event: 1,680 GC heap before
{Heap before GC invocations=3 (full 0):
 PSYoungGen      total 36864K, used 36305K [0x00000000e0000000, 0x00000000e4800000, 0x0000000100000000)
  eden space 31744K, 100% used [0x00000000e0000000,0x00000000e1f00000,0x00000000e1f00000)
  from space 5120K, 89% used [0x00000000e2400000,0x00000000e28745d0,0x00000000e2900000)
  to   space 5120K, 0% used [0x00000000e1f00000,0x00000000e1f00000,0x00000000e2400000)
 ParOldGen       total 84992K, used 16K [0x00000000a0000000, 0x00000000a5300000, 0x00000000e0000000)
  object space 84992K, 0% used [0x00000000a0000000,0x00000000a0004000,0x00000000a5300000)
 Metaspace       used 12941K, capacity 13304K, committed 13568K, reserved 1060864K
  class space    used 1801K, capacity 1964K, committed 2048K, reserved 1048576K
Event: 1,687 GC heap after
Heap after GC invocations=3 (full 0):
 PSYoungGen      total 36864K, used 5089K [0x00000000e0000000, 0x00000000e4800000, 0x0000000100000000)
  eden space 31744K, 0% used [0x00000000e0000000,0x00000000e0000000,0x00000000e1f00000)
  from space 5120K, 99% used [0x00000000e1f00000,0x00000000e23f85e8,0x00000000e2400000)
  to   space 5120K, 0% used [0x00000000e4300000,0x00000000e4300000,0x00000000e4800000)
 ParOldGen       total 84992K, used 1693K [0x00000000a0000000, 0x00000000a5300000, 0x00000000e0000000)
  object space 84992K, 1% used [0x00000000a0000000,0x00000000a01a7748,0x00000000a5300000)
 Metaspace       used 12941K, capacity 13304K, committed 13568K, reserved 1060864K
  class space    used 1801K, capacity 1964K, committed 2048K, reserved 1048576K
}
Event: 2,071 GC heap before
{Heap before GC invocations=4 (full 0):
 PSYoungGen      total 36864K, used 36833K [0x00000000e0000000, 0x00000000e4800000, 0x0000000100000000)
  eden space 31744K, 100% used [0x00000000e0000000,0x00000000e1f00000,0x00000000e1f00000)
  from space 5120K, 99% used [0x00000000e1f00000,0x00000000e23f85e8,0x00000000e2400000)
  to   space 5120K, 0% used [0x00000000e4300000,0x00000000e4300000,0x00000000e4800000)
 ParOldGen       total 84992K, used 1693K [0x00000000a0000000, 0x00000000a5300000, 0x00000000e0000000)
  object space 84992K, 1% used [0x00000000a0000000,0x00000000a01a7748,0x00000000a5300000)
 Metaspace       used 15764K, capacity 16200K, committed 16256K, reserved 1062912K
  class space    used 2254K, capacity 2422K, committed 2432K, reserved 1048576K
Event: 2,086 GC heap after
Heap after GC invocations=4 (full 0):
 PSYoungGen      total 68608K, used 5104K [0x00000000e0000000, 0x00000000e4800000, 0x0000000100000000)
  eden space 63488K, 0% used [0x00000000e0000000,0x00000000e0000000,0x00000000e3e00000)
  from space 5120K, 99% used [0x00000000e4300000,0x00000000e47fc030,0x00000000e4800000)
  to   space 5120K, 0% used [0x00000000e3e00000,0x00000000e3e00000,0x00000000e4300000)
 ParOldGen       total 84992K, used 4499K [0x00000000a0000000, 0x00000000a5300000, 0x00000000e0000000)
  object space 84992K, 5% used [0x00000000a0000000,0x00000000a0464c40,0x00000000a5300000)
 Metaspace       used 15764K, capacity 16200K, committed 16256K, reserved 1062912K
  class space    used 2254K, capacity 2422K, committed 2432K, reserved 1048576K
}
Event: 4,966 GC heap before
{Heap before GC invocations=5 (full 0):
 PSYoungGen      total 68608K, used 55490K [0x00000000e0000000, 0x00000000e4800000, 0x0000000100000000)
  eden space 63488K, 79% used [0x00000000e0000000,0x00000000e3134868,0x00000000e3e00000)
  from space 5120K, 99% used [0x00000000e4300000,0x00000000e47fc030,0x00000000e4800000)
  to   space 5120K, 0% used [0x00000000e3e00000,0x00000000e3e00000,0x00000000e4300000)
 ParOldGen       total 84992K, used 4499K [0x00000000a0000000, 0x00000000a5300000, 0x00000000e0000000)
  object space 84992K, 5% used [0x00000000a0000000,0x00000000a0464c40,0x00000000a5300000)
 Metaspace       used 20751K, capacity 21188K, committed 21296K, reserved 1067008K
  class space    used 3001K, capacity 3152K, committed 3200K, reserved 1048576K

Deoptimization events (10 events):
Event: 3,820 Thread 0x00007f7e54008000 Uncommon trap: reason=bimorphic action=maybe_recompile pc=0x00007f7e9d4cced4 method=java.lang.ClassLoader.getPackage(Ljava/lang/String;)Ljava/lang/Package; @ 47
Event: 3,821 Thread 0x00007f7e54008000 Uncommon trap: reason=unstable_if action=reinterpret pc=0x00007f7e9d4cca2c method=java.net.URLClassLoader.getAndVerifyPackage(Ljava/lang/String;Ljava/util/jar/Manifest;Ljava/net/URL;)Ljava/lang/Package; @ 62
Event: 3,822 Thread 0x00007f7e54008000 Uncommon trap: reason=bimorphic action=maybe_recompile pc=0x00007f7e9d4fa01c method=java.lang.ClassLoader.getPackage(Ljava/lang/String;)Ljava/lang/Package; @ 47
Event: 3,823 Thread 0x00007f7e54008000 Uncommon trap: reason=unstable_if action=reinterpret pc=0x00007f7e9d4f9558 method=java.net.URLClassLoader.getAndVerifyPackage(Ljava/lang/String;Ljava/util/jar/Manifest;Ljava/net/URL;)Ljava/lang/Package; @ 62
Event: 3,830 Thread 0x00007f7e54008000 Uncommon trap: reason=class_check action=maybe_recompile pc=0x00007f7e9d516718 method=java.security.MessageDigest$Delegate.engineUpdate([BII)V @ 7
Event: 3,831 Thread 0x00007f7e54008000 Uncommon trap: reason=predicate action=maybe_recompile pc=0x00007f7e9d4eb8e8 method=sun.security.provider.DigestBase.implCompressMultiBlock([BII)I @ 5
Event: 3,881 Thread 0x00007f7e54008000 Uncommon trap: reason=class_check action=maybe_recompile pc=0x00007f7e9d516718 method=java.security.MessageDigest$Delegate.engineUpdate([BII)V @ 7
Event: 3,881 Thread 0x00007f7e54008000 Uncommon trap: reason=predicate action=maybe_recompile pc=0x00007f7e9d4b5a88 method=sun.security.provider.DigestBase.implCompressMultiBlock([BII)I @ 5
Event: 3,889 Thread 0x00007f7e54008000 Uncommon trap: reason=class_check action=maybe_recompile pc=0x00007f7e9d516718 method=java.security.MessageDigest$Delegate.engineUpdate([BII)V @ 7
Event: 3,902 Thread 0x00007f7e54008000 Uncommon trap: reason=class_check action=maybe_recompile pc=0x00007f7e9d516718 method=java.security.MessageDigest$Delegate.engineUpdate([BII)V @ 7

Classes redefined (0 events):
No events

Internal exceptions (10 events):
Event: 3,999 Thread 0x00007f7e54008000 Exception <a 'java/lang/NoSuchMethodError': <clinit>> (0x00000000e1ce3390) thrown at [/usr/local/google/buildbot/src/googleplex-android/openjdk/out/hotspot/src/share/vm/prims/jni.cpp, line 1614]
Event: 4,013 Thread 0x00007f7e54008000 Exception <a 'java/lang/NoSuchMethodError': <clinit>> (0x00000000e1cf28a0) thrown at [/usr/local/google/buildbot/src/googleplex-android/openjdk/out/hotspot/src/share/vm/prims/jni.cpp, line 1614]
Event: 4,017 Thread 0x00007f7e54008000 Exception <a 'java/lang/NoSuchMethodError': <clinit>> (0x00000000e1cfbfd0) thrown at [/usr/local/google/buildbot/src/googleplex-android/openjdk/out/hotspot/src/share/vm/prims/jni.cpp, line 1614]
Event: 4,033 Thread 0x00007f7e54008000 Exception <a 'java/lang/NoSuchMethodError': <clinit>> (0x00000000e1d05d68) thrown at [/usr/local/google/buildbot/src/googleplex-android/openjdk/out/hotspot/src/share/vm/prims/jni.cpp, line 1614]
Event: 4,034 Thread 0x00007f7e54008000 Exception <a 'java/lang/NoSuchMethodError': <clinit>> (0x00000000e1d10158) thrown at [/usr/local/google/buildbot/src/googleplex-android/openjdk/out/hotspot/src/share/vm/prims/jni.cpp, line 1614]
Event: 4,057 Thread 0x00007f7e54008000 Exception <a 'java/lang/NoSuchMethodError': <clinit>> (0x00000000e1ddebe0) thrown at [/usr/local/google/buildbot/src/googleplex-android/openjdk/out/hotspot/src/share/vm/prims/jni.cpp, line 1614]
Event: 4,058 Thread 0x00007f7e54008000 Exception <a 'java/lang/NoSuchMethodError': <clinit>> (0x00000000e1de2aa8) thrown at [/usr/local/google/buildbot/src/googleplex-android/openjdk/out/hotspot/src/share/vm/prims/jni.cpp, line 1614]
Event: 4,059 Thread 0x00007f7e54008000 Exception <a 'java/lang/NoSuchMethodError': <clinit>> (0x00000000e1de4530) thrown at [/usr/local/google/buildbot/src/googleplex-android/openjdk/out/hotspot/src/share/vm/prims/jni.cpp, line 1614]
Event: 4,059 Thread 0x00007f7e54008000 Exception <a 'java/lang/NoSuchMethodError': <clinit>> (0x00000000e1de5c80) thrown at [/usr/local/google/buildbot/src/googleplex-android/openjdk/out/hotspot/src/share/vm/prims/jni.cpp, line 1614]
Event: 4,059 Thread 0x00007f7e54008000 Exception <a 'java/lang/NoSuchMethodError': <clinit>> (0x00000000e1de7280) thrown at [/usr/local/google/buildbot/src/googleplex-android/openjdk/out/hotspot/src/share/vm/prims/jni.cpp, line 1614]

Events (10 events):
Event: 4,953 loading class groovy/lang/GroovyClassLoader$InnerLoader done
Event: 4,956 loading class org/codehaus/groovy/control/ParserPluginFactory
Event: 4,956 loading class org/codehaus/groovy/control/ParserPluginFactory done
Event: 4,956 loading class org/codehaus/groovy/antlr/AntlrParserPluginFactory
Event: 4,956 loading class org/codehaus/groovy/antlr/AntlrParserPluginFactory done
Event: 4,957 loading class org/codehaus/groovy/control/ParserPlugin
Event: 4,957 loading class org/codehaus/groovy/control/ParserPlugin done
Event: 4,957 loading class org/codehaus/groovy/antlr/AntlrParserPlugin
Event: 4,957 loading class org/codehaus/groovy/antlr/AntlrParserPlugin done
Event: 4,961 Executing VM operation: CollectForMetadataAllocation


Dynamic libraries:
00400000-00401000 r-xp 00000000 fd:01 7734352                            /home/re-animator/Documents/android-studio/jre/bin/java
00401000-00402000 rw-p 00000000 fd:01 7734352                            /home/re-animator/Documents/android-studio/jre/bin/java
009cb000-009ec000 rw-p 00000000 00:00 0                                  [heap]
a0000000-a5300000 rw-p 00000000 00:00 0 
a5300000-e0000000 ---p 00000000 00:00 0 
e0000000-e4800000 rw-p 00000000 00:00 0 
e9300000-100000000 ---p 00000000 00:00 0 
100000000-100320000 rw-p 00000000 00:00 0 
100320000-140000000 ---p 00000000 00:00 0 
7f7e28000000-7f7e28021000 rw-p 00000000 00:00 0 
7f7e28021000-7f7e2c000000 ---p 00000000 00:00 0 
7f7e2c000000-7f7e2c021000 rw-p 00000000 00:00 0 
7f7e2c021000-7f7e30000000 ---p 00000000 00:00 0 
7f7e30000000-7f7e3008a000 rw-p 00000000 00:00 0 
7f7e3008a000-7f7e34000000 ---p 00000000 00:00 0 
7f7e34000000-7f7e34021000 rw-p 00000000 00:00 0 
7f7e34021000-7f7e38000000 ---p 00000000 00:00 0 
7f7e38000000-7f7e38021000 rw-p 00000000 00:00 0 
7f7e38021000-7f7e3c000000 ---p 00000000 00:00 0 
7f7e3c000000-7f7e3c064000 rw-p 00000000 00:00 0 
7f7e3c064000-7f7e40000000 ---p 00000000 00:00 0 
7f7e40000000-7f7e411d4000 rw-p 00000000 00:00 0 
7f7e411d4000-7f7e44000000 ---p 00000000 00:00 0 
7f7e44000000-7f7e443f0000 rw-p 00000000 00:00 0 
7f7e443f0000-7f7e48000000 ---p 00000000 00:00 0 
7f7e48000000-7f7e48023000 rw-p 00000000 00:00 0 
7f7e48023000-7f7e4c000000 ---p 00000000 00:00 0 
7f7e4c000000-7f7e4c021000 rw-p 00000000 00:00 0 
7f7e4c021000-7f7e50000000 ---p 00000000 00:00 0 
7f7e50000000-7f7e50021000 rw-p 00000000 00:00 0 
7f7e50021000-7f7e54000000 ---p 00000000 00:00 0 
7f7e54000000-7f7e54021000 rw-p 00000000 00:00 0 
7f7e54021000-7f7e58000000 ---p 00000000 00:00 0 
7f7e58000000-7f7e58021000 rw-p 00000000 00:00 0 
7f7e58021000-7f7e5c000000 ---p 00000000 00:00 0 
7f7e5c000000-7f7e5c05c000 rw-p 00000000 00:00 0 
7f7e5c05c000-7f7e60000000 ---p 00000000 00:00 0 
7f7e60000000-7f7e60021000 rw-p 00000000 00:00 0 
7f7e60021000-7f7e64000000 ---p 00000000 00:00 0 
7f7e64000000-7f7e64021000 rw-p 00000000 00:00 0 
7f7e64021000-7f7e68000000 ---p 00000000 00:00 0 
7f7e68000000-7f7e69e03000 rw-p 00000000 00:00 0 
7f7e69e03000-7f7e6c000000 ---p 00000000 00:00 0 
7f7e6c000000-7f7e6c972000 rw-p 00000000 00:00 0 
7f7e6c972000-7f7e70000000 ---p 00000000 00:00 0 
7f7e70000000-7f7e70021000 rw-p 00000000 00:00 0 
7f7e70021000-7f7e74000000 ---p 00000000 00:00 0 
7f7e74000000-7f7e75a7d000 rw-p 00000000 00:00 0 
7f7e75a7d000-7f7e78000000 ---p 00000000 00:00 0 
7f7e78000000-7f7e78021000 rw-p 00000000 00:00 0 
7f7e78021000-7f7e7c000000 ---p 00000000 00:00 0 
7f7e7c000000-7f7e7c021000 rw-p 00000000 00:00 0 
7f7e7c021000-7f7e80000000 ---p 00000000 00:00 0 
7f7e80000000-7f7e80021000 rw-p 00000000 00:00 0 
7f7e80021000-7f7e84000000 ---p 00000000 00:00 0 
7f7e84000000-7f7e842c3000 rw-p 00000000 00:00 0 
7f7e842c3000-7f7e88000000 ---p 00000000 00:00 0 
7f7e88000000-7f7e88021000 rw-p 00000000 00:00 0 
7f7e88021000-7f7e8c000000 ---p 00000000 00:00 0 
7f7e8e8ca000-7f7e8ea76000 rw-p 00000000 00:00 0 
7f7e8ea76000-7f7e8eaca000 ---p 00000000 00:00 0 
7f7e8eaca000-7f7e8eacb000 r--s 00003000 fd:01 8913712                    /home/re-animator/.gradle/caches/jars-3/1517eb22fc9df58a296a36638701b06a/sam-with-receiver-ide-plugin.jar
7f7e8eacb000-7f7e8eacd000 r--s 00003000 fd:01 8913710                    /home/re-animator/.gradle/caches/jars-3/00165ee3c45845653801be8b30af2cc8/noarg-ide-plugin.jar
7f7e8eacd000-7f7e8eae1000 r--s 00130000 fd:01 8913708                    /home/re-animator/.gradle/caches/jars-3/8d8f8b6e3c56f28da647b3aa6237de29/kotlin-stdlib-1.3.50.jar
7f7e8eae1000-7f7e8eaf5000 r--s 00130000 fd:01 8913706                    /home/re-animator/.gradle/caches/jars-3/e7617dab25c4d86472e073cd6ed41284/kotlin-stdlib.jar
7f7e8eaf5000-7f7e8ee00000 r--s 029d3000 fd:01 8913704                    /home/re-animator/.gradle/caches/jars-3/94264dac5c2fc3832a782f6ac36c712c/kotlin-plugin.jar
7f7e8ee00000-7f7e8ee01000 r--s 00003000 fd:01 8913702                    /home/re-animator/.gradle/caches/jars-3/2dd8fac3efe15084dd255f3a8c325664/allopen-ide-plugin.jar
7f7e8ee01000-7f7e8ee02000 r--s 00005000 fd:01 8913700                    /home/re-animator/.gradle/caches/jars-3/db0750b74c08d2405a2c4dc57ed79ac2/kapt3-idea.jar
7f7e8ee02000-7f7e8ee03000 r--s 00000000 fd:01 7473000                    /home/re-animator/.gradle/caches/jars-3/497c99dc43ce8fece95d0e589f2459bd/gradle-appengine-builder-model-0.1.0.jar
7f7e8ee03000-7f7e8ee2b000 r--s 0210c000 fd:01 8913698                    /home/re-animator/.gradle/caches/jars-3/a9f41526e10d2a4a4916a5ceafe44a64/sdk-tools.jar
7f7e8ee2b000-7f7e8f09d000 r--s 01914000 fd:01 8786030                    /home/re-animator/.gradle/caches/jars-3/0a28c8704832800a117c175dfe23a0f3/gradle-api-impldep-4.10.3.jar
7f7e8f09d000-7f7e8f1f8000 r--s 00bb0000 fd:01 8691284                    /home/re-animator/.gradle/caches/jars-3/8c0c682498be444601f9083c4f1918be/gradle-api-4.10.3.jar
7f7e8f1f8000-7f7e8f3f8000 rw-p 00000000 00:00 0 
7f7e8f3f8000-7f7e8f3fb000 ---p 00000000 00:00 0 
7f7e8f3fb000-7f7e8f6f9000 rw-p 00000000 00:00 0 
7f7e8f6f9000-7f7e8f6fc000 ---p 00000000 00:00 0 
7f7e8f6fc000-7f7e8f7fa000 rw-p 00000000 00:00 0 
7f7e8f7fa000-7f7e8f7fd000 ---p 00000000 00:00 0 
7f7e8f7fd000-7f7e8f8fb000 rw-p 00000000 00:00 0 
7f7e8f8fb000-7f7e8f8fe000 ---p 00000000 00:00 0 
7f7e8f8fe000-7f7e8f9fc000 rw-p 00000000 00:00 0 
7f7e8f9fc000-7f7e8f9ff000 ---p 00000000 00:00 0 
7f7e8f9ff000-7f7e8fcfd000 rw-p 00000000 00:00 0 
7f7e8fcfd000-7f7e8fd00000 ---p 00000000 00:00 0 
7f7e8fd00000-7f7e8fdfe000 rw-p 00000000 00:00 0 
7f7e8fdfe000-7f7e8fe01000 ---p 00000000 00:00 0 
7f7e8fe01000-7f7e8feff000 rw-p 00000000 00:00 0 
7f7e8feff000-7f7e8ff02000 ---p 00000000 00:00 0 
7f7e8ff02000-7f7e90000000 rw-p 00000000 00:00 0 
7f7e90000000-7f7e90028000 rw-p 00000000 00:00 0 
7f7e90028000-7f7e94000000 ---p 00000000 00:00 0 
7f7e94000000-7f7e94004000 r--s 0004c000 fd:01 8913696                    /home/re-animator/.gradle/caches/jars-3/5560c3c9e9794bd082f3f7376823f9ee/android-extensions-ide.jar
7f7e94004000-7f7e94007000 r--s 0001e000 fd:01 8913694                    /home/re-animator/.gradle/caches/jars-3/240cef9a0b47e3ec95edd1d258a4b8aa/kotlin-gradle-tooling.jar
7f7e94007000-7f7e9400b000 r--s 0007a000 fd:01 8786036                    /home/re-animator/.gradle/caches/jars-3/a86f37d79966d92669abbae41c8d0de7/gradle-tooling-extension-impl.jar
7f7e9400b000-7f7e9400c000 r--s 00003000 fd:01 8786034                    /home/re-animator/.gradle/caches/jars-3/8ca913fe8caa021309d2677ad272de95/external-system-rt.jar
7f7e9400c000-7f7e9400e000 r--s 00010000 fd:01 8786032                    /home/re-animator/.gradle/caches/jars-3/7591d1435bc8596a524fe014c325b879/gradle-tooling-extension-api.jar
7f7e9400e000-7f7e94088000 r--s 01102000 fd:01 7734312                    /home/re-animator/Documents/android-studio/jre/lib/tools.jar
7f7e94088000-7f7e9408b000 ---p 00000000 00:00 0 
7f7e9408b000-7f7e94189000 rw-p 00000000 00:00 0 
7f7e94189000-7f7e9418c000 ---p 00000000 00:00 0 
7f7e9418c000-7f7e9428a000 rw-p 00000000 00:00 0 
7f7e9428a000-7f7e9428d000 ---p 00000000 00:00 0 
7f7e9428d000-7f7e9438b000 rw-p 00000000 00:00 0 
7f7e9438b000-7f7e9438e000 ---p 00000000 00:00 0 
7f7e9438e000-7f7e9448c000 rw-p 00000000 00:00 0 
7f7e9448c000-7f7e94493000 r--s 00000000 fd:01 3541795                    /usr/lib/x86_64-linux-gnu/gconv/gconv-modules.cache
7f7e94493000-7f7e94496000 ---p 00000000 00:00 0 
7f7e94496000-7f7e94594000 rw-p 00000000 00:00 0 
7f7e94594000-7f7e94598000 r--s 000a1000 fd:01 6031597                    /home/re-animator/Documents/android-studio/jre/jre/lib/jsse.jar
7f7e94598000-7f7e94798000 rw-p 00000000 00:00 0 
7f7e94798000-7f7e9479b000 ---p 00000000 00:00 0 
7f7e9479b000-7f7e94899000 rw-p 00000000 00:00 0 
7f7e94899000-7f7e948a1000 r-xp 00000000 fd:01 6162472                    /home/re-animator/Documents/android-studio/jre/jre/lib/amd64/libmanagement.so
7f7e948a1000-7f7e948a2000 rw-p 00007000 fd:01 6162472                    /home/re-animator/Documents/android-studio/jre/jre/lib/amd64/libmanagement.so
7f7e948a2000-7f7e948a4000 r--s 0000f000 fd:01 5121026                    /home/re-animator/.gradle/wrapper/dists/gradle-5.4.1-all/3221gyojl5jsh0helicew7rwx/gradle-5.4.1/lib/plugins/gradle-tooling-api-builders-5.4.1.jar
7f7e948a4000-7f7e948a5000 r--s 00005000 fd:01 5121054                    /home/re-animator/.gradle/wrapper/dists/gradle-5.4.1-all/3221gyojl5jsh0helicew7rwx/gradle-5.4.1/lib/plugins/gradle-build-profile-5.4.1.jar
7f7e948a5000-7f7e948a7000 r--s 00003000 fd:01 5120999                    /home/re-animator/.gradle/wrapper/dists/gradle-5.4.1-all/3221gyojl5jsh0helicew7rwx/gradle-5.4.1/lib/plugins/gradle-tooling-native-5.4.1.jar
7f7e948a7000-7f7e948ab000 r--s 00017000 fd:01 5121002                    /home/re-animator/.gradle/wrapper/dists/gradle-5.4.1-all/3221gyojl5jsh0helicew7rwx/gradle-5.4.1/lib/plugins/gradle-testing-native-5.4.1.jar
7f7e948ab000-7f7e948ad000 r--s 0000f000 fd:01 5121130                    /home/re-animator/.gradle/wrapper/dists/gradle-5.4.1-all/3221gyojl5jsh0helicew7rwx/gradle-5.4.1/lib/plugins/jcommander-1.72.jar
7f7e948ad000-7f7e948b6000 r--s 00089000 fd:01 5121098                    /home/re-animator/.gradle/wrapper/dists/gradle-5.4.1-all/3221gyojl5jsh0helicew7rwx/gradle-5.4.1/lib/plugins/testng-6.3.1.jar
7f7e948b6000-7f7e948bb000 r--s 0005a000 fd:01 5121103                    /home/re-animator/.gradle/wrapper/dists/gradle-5.4.1-all/3221gyojl5jsh0helicew7rwx/gradle-5.4.1/lib/plugins/bsh-2.0b6.jar
7f7e948bb000-7f7e948bf000 r--s 0001c000 fd:01 5121027                    /home/re-animator/.gradle/wrapper/dists/gradle-5.4.1-all/3221gyojl5jsh0helicew7rwx/gradle-5.4.1/lib/plugins/gradle-testing-jvm-5.4.1.jar
7f7e948bf000-7f7e948c2000 r--s 00011000 fd:01 5121154                    /home/re-animator/.gradle/wrapper/dists/gradle-5.4.1-all/3221gyojl5jsh0helicew7rwx/gradle-5.4.1/lib/plugins/junit-platform-commons-1.3.1.jar
7f7e948c2000-7f7e948c3000 r--s 00001000 fd:01 5121157                    /home/re-animator/.gradle/wrapper/dists/gradle-5.4.1-all/3221gyojl5jsh0helicew7rwx/gradle-5.4.1/lib/plugins/opentest4j-1.1.1.jar
7f7e948c3000-7f7e948c7000 r--s 0001d000 fd:01 5121153                    /home/re-animator/.gradle/wrapper/dists/gradle-5.4.1-all/3221gyojl5jsh0helicew7rwx/gradle-5.4.1/lib/plugins/junit-platform-engine-1.3.1.jar
7f7e948c7000-7f7e948c8000 r--s 00000000 fd:01 5121155                    /home/re-animator/.gradle/wrapper/dists/gradle-5.4.1-all/3221gyojl5jsh0helicew7rwx/gradle-5.4.1/lib/plugins/apiguardian-api-1.0.0.jar
7f7e948c8000-7f7e948cb000 r--s 00015000 fd:01 5121105                    /home/re-animator/.gradle/wrapper/dists/gradle-5.4.1-all/3221gyojl5jsh0helicew7rwx/gradle-5.4.1/lib/plugins/junit-platform-launcher-1.3.1.jar
7f7e948cb000-7f7e948cd000 r--s 00009000 fd:01 5121127                    /home/re-animator/.gradle/wrapper/dists/gradle-5.4.1-all/3221gyojl5jsh0helicew7rwx/gradle-5.4.1/lib/plugins/hamcrest-core-1.3.jar
7f7e948cd000-7f7e948d5000 r--s 00045000 fd:01 5121102                    /home/re-animator/.gradle/wrapper/dists/gradle-5.4.1-all/3221gyojl5jsh0helicew7rwx/gradle-5.4.1/lib/plugins/junit-4.12.jar
7f7e948d5000-7f7e948d6000 r--s 00003000 fd:01 5121025                    /home/re-animator/.gradle/wrapper/dists/gradle-5.4.1-all/3221gyojl5jsh0helicew7rwx/gradle-5.4.1/lib/plugins/gradle-testing-junit-platform-5.4.1.jar
7f7e948d6000-7f7e948de000 r--s 00034000 fd:01 5121038                    /home/re-animator/.gradle/wrapper/dists/gradle-5.4.1-all/3221gyojl5jsh0helicew7rwx/gradle-5.4.1/lib/plugins/gradle-testing-base-5.4.1.jar
7f7e948de000-7f7e948e6000 r--s 00048000 fd:01 5121090                    /home/re-animator/.gradle/wrapper/dists/gradle-5.4.1-all/3221gyojl5jsh0helicew7rwx/gradle-5.4.1/lib/plugins/bcpg-jdk15on-1.61.jar
7f7e948e6000-7f7e948e8000 r--s 0000f000 fd:01 5120998                    /home/re-animator/.gradle/wrapper/dists/gradle-5.4.1-all/3221gyojl5jsh0helicew7rwx/gradle-5.4.1/lib/plugins/gradle-signing-5.4.1.jar
7f7e948e8000-7f7e948ea000 r--s 00009000 fd:01 5121010                    /home/re-animator/.gradle/wrapper/dists/gradle-5.4.1-all/3221gyojl5jsh0helicew7rwx/gradle-5.4.1/lib/plugins/gradle-scala-5.4.1.jar
7f7e948ea000-7f7e948eb000 r--s 00004000 fd:01 5121053                    /home/re-animator/.gradle/wrapper/dists/gradle-5.4.1-all/3221gyojl5jsh0helicew7rwx/gradle-5.4.1/lib/plugins/gradle-resources-sftp-5.4.1.jar
7f7e948eb000-7f7e948f4000 r--s 0005b000 fd:01 5121061                    /home/re-animator/.gradle/wrapper/dists/gradle-5.4.1-all/3221gyojl5jsh0helicew7rwx/gradle-5.4.1/lib/plugins/aws-java-sdk-kms-1.11.407.jar
7f7e948f4000-7f7e948f6000 r--s 00005000 fd:01 5121113                    /home/re-animator/.gradle/wrapper/dists/gradle-5.4.1-all/3221gyojl5jsh0helicew7rwx/gradle-5.4.1/lib/plugins/jmespath-java-1.11.407.jar
7f7e948f6000-7f7e94909000 r--s 000ca000 fd:01 5121059                    /home/re-animator/.gradle/wrapper/dists/gradle-5.4.1-all/3221gyojl5jsh0helicew7rwx/gradle-5.4.1/lib/plugins/aws-java-sdk-s3-1.11.407.jar
7f7e94909000-7f7e94913000 r--s 00081000 fd:01 5121151                    /home/re-animator/.gradle/wrapper/dists/gradle-5.4.1-all/3221gyojl5jsh0helicew7rwx/gradle-5.4.1/lib/plugins/ion-java-1.0.2.jar
7f7e94913000-7f7e94929000 r--s 000ca000 fd:01 5121062                    /home/re-animator/.gradle/wrapper/dists/gradle-5.4.1-all/3221gyojl5jsh0helicew7rwx/gradle-5.4.1/lib/plugins/aws-java-sdk-core-1.11.407.jar
7f7e94929000-7f7e9492b000 r--s 00004000 fd:01 5121047                    /home/re-animator/.gradle/wrapper/dists/gradle-5.4.1-all/3221gyojl5jsh0helicew7rwx/gradle-5.4.1/lib/plugins/gradle-resources-s3-5.4.1.jar
7f7e9492b000-7f7e9493c000 r--s 0008c000 fd:01 5121118                    /home/re-animator/.gradle/wrapper/dists/gradle-5.4.1-all/3221gyojl5jsh0helicew7rwx/gradle-5.4.1/lib/plugins/joda-time-2.10.jar
7f7e9493c000-7f7e9494e000 r--s 00137000 fd:01 5121114                    /home/re-animator/.gradle/wrapper/dists/gradle-5.4.1-all/3221gyojl5jsh0helicew7rwx/gradle-5.4.1/lib/plugins/jackson-databind-2.9.8.jar
7f7e9494e000-7f7e94951000 r--s 0000e000 fd:01 5121117                    /home/re-animator/.gradle/wrapper/dists/gradle-5.4.1-all/3221gyojl5jsh0helicew7rwx/gradle-5.4.1/lib/plugins/jackson-annotations-2.9.8.jar
7f7e94951000-7f7e94955000 r--s 0004c000 fd:01 5121115                    /home/re-animator/.gradle/wrapper/dists/gradle-5.4.1-all/3221gyojl5jsh0helicew7rwx/gradle-5.4.1/lib/plugins/jackson-core-2.9.8.jar
7f7e94955000-7f7e94956000 r--s 00001000 fd:01 5121071                    /home/re-animator/.gradle/wrapper/dists/gradle-5.4.1-all/3221gyojl5jsh0helicew7rwx/gradle-5.4.1/lib/plugins/google-http-client-jackson2-1.25.0.jar
7f7e94956000-7f7e94960000 r--s 00056000 fd:01 5121073                    /home/re-animator/.gradle/wrapper/dists/gradle-5.4.1-all/3221gyojl5jsh0helicew7rwx/gradle-5.4.1/lib/plugins/google-http-client-1.25.0.jar
7f7e94960000-7f7e94963000 r--s 0000d000 fd:01 5121070                    /home/re-animator/.gradle/wrapper/dists/gradle-5.4.1-all/3221gyojl5jsh0helicew7rwx/gradle-5.4.1/lib/plugins/google-oauth-client-1.25.0.jar
7f7e94963000-7f7e94968000 r--s 0002d000 fd:01 5121069                    /home/re-animator/.gradle/wrapper/dists/gradle-5.4.1-all/3221gyojl5jsh0helicew7rwx/gradle-5.4.1/lib/plugins/google-api-client-1.25.0.jar
7f7e94968000-7f7e9496c000 r--s 0001d000 fd:01 5121067                    /home/re-animator/.gradle/wrapper/dists/gradle-5.4.1-all/3221gyojl5jsh0helicew7rwx/gradle-5.4.1/lib/plugins/google-api-services-storage-v1-rev136-1.25.0.jar
7f7e9496c000-7f7e9496e000 r--s 00003000 fd:01 5121049                    /home/re-animator/.gradle/wrapper/dists/gradle-5.4.1-all/3221gyojl5jsh0helicew7rwx/gradle-5.4.1/lib/plugins/gradle-resources-gcs-5.4.1.jar
7f7e9496e000-7f7e94970000 r--s 00010000 fd:01 5121046                    /home/re-animator/.gradle/wrapper/dists/gradle-5.4.1-all/3221gyojl5jsh0helicew7rwx/gradle-5.4.1/lib/plugins/gradle-reporting-5.4.1.jar
7f7e94970000-7f7e94972000 r--s 00008000 fd:01 5121037                    /home/re-animator/.gradle/wrapper/dists/gradle-5.4.1-all/3221gyojl5jsh0helicew7rwx/gradle-5.4.1/lib/plugins/gradle-publish-5.4.1.jar
7f7e94972000-7f7e9497a000 r--s 00046000 fd:01 5121021                    /home/re-animator/.gradle/wrapper/dists/gradle-5.4.1-all/3221gyojl5jsh0helicew7rwx/gradle-5.4.1/lib/plugins/gradle-plugins-5.4.1.jar
7f7e9497a000-7f7e9497c000 r--s 0000c000 fd:01 5121005                    /home/re-animator/.gradle/wrapper/dists/gradle-5.4.1-all/3221gyojl5jsh0helicew7rwx/gradle-5.4.1/lib/plugins/gradle-plugin-development-5.4.1.jar
7f7e9497c000-7f7e94982000 r--s 00030000 fd:01 5121014                    /home/re-animator/.gradle/wrapper/dists/gradle-5.4.1-all/3221gyojl5jsh0helicew7rwx/gradle-5.4.1/lib/plugins/gradle-platform-play-5.4.1.jar
7f7e94982000-7f7e94988000 r--s 0003d000 fd:01 5121099                    /home/re-animator/.gradle/wrapper/dists/gradle-5.4.1-all/3221gyojl5jsh0helicew7rwx/gradle-5.4.1/lib/plugins/snakeyaml-1.17.jar
7f7e94988000-7f7e9499a000 r--s 00078000 fd:01 5121034                    /home/re-animator/.gradle/wrapper/dists/gradle-5.4.1-all/3221gyojl5jsh0helicew7rwx/gradle-5.4.1/lib/plugins/gradle-platform-native-5.4.1.jar
7f7e9499a000-7f7e9499e000 r--s 0001b000 fd:01 5121033                    /home/re-animator/.gradle/wrapper/dists/gradle-5.4.1-all/3221gyojl5jsh0helicew7rwx/gradle-5.4.1/lib/plugins/gradle-platform-jvm-5.4.1.jar
7f7e9499e000-7f7e949a5000 r--s 0002a000 fd:01 5121039                    /home/re-animator/.gradle/wrapper/dists/gradle-5.4.1-all/3221gyojl5jsh0helicew7rwx/gradle-5.4.1/lib/plugins/gradle-platform-base-5.4.1.jar
7f7e949a5000-7f7e949d2000 r--s 0025e000 fd:01 5121078                    /home/re-animator/.gradle/wrapper/dists/gradle-5.4.1-all/3221gyojl5jsh0helicew7rwx/gradle-5.4.1/lib/plugins/biz.aQute.bndlib-4.0.0.jar
7f7e949d2000-7f7e949d3000 r--s 00004000 fd:01 5120997                    /home/re-animator/.gradle/wrapper/dists/gradle-5.4.1-all/3221gyojl5jsh0helicew7rwx/gradle-5.4.1/lib/plugins/gradle-osgi-5.4.1.jar
7f7e949d3000-7f7e949d6000 r--s 0000c000 fd:01 5121085                    /home/re-animator/.gradle/wrapper/dists/gradle-5.4.1-all/3221gyojl5jsh0helicew7rwx/gradle-5.4.1/lib/plugins/pmaven-groovy-0.8-20100325.jar
7f7e949d6000-7f7e949d7000 r--s 00004000 fd:01 5121083                    /home/re-animator/.gradle/wrapper/dists/gradle-5.4.1-all/3221gyojl5jsh0helicew7rwx/gradle-5.4.1/lib/plugins/pmaven-common-0.8-20100325.jar
7f7e949d7000-7f7e949d8000 r--s 00008000 fd:01 5121066                    /home/re-animator/.gradle/wrapper/dists/gradle-5.4.1-all/3221gyojl5jsh0helicew7rwx/gradle-5.4.1/lib/plugins/wagon-http-shared-3.0.0.jar
7f7e949d8000-7f7e949d9000 r--s 00002000 fd:01 5121065                    /home/re-animator/.gradle/wrapper/dists/gradle-5.4.1-all/3221gyojl5jsh0helicew7rwx/gradle-5.4.1/lib/plugins/wagon-http-3.0.0.jar
7f7e949d9000-7f7e949da000 r--s 00002000 fd:01 5121086                    /home/re-animator/.gradle/wrapper/dists/gradle-5.4.1-all/3221gyojl5jsh0helicew7rwx/gradle-5.4.1/lib/plugins/wagon-file-3.0.0.jar
7f7e949da000-7f7e949dc000 r--s 00006000 fd:01 5121089                    /home/re-animator/.gradle/wrapper/dists/gradle-5.4.1-all/3221gyojl5jsh0helicew7rwx/gradle-5.4.1/lib/plugins/aether-connector-wagon-1.13.1.jar
7f7e949dc000-7f7e949e3000 r--s 00031000 fd:01 5121006                    /home/re-animator/.gradle/wrapper/dists/gradle-5.4.1-all/3221gyojl5jsh0helicew7rwx/gradle-5.4.1/lib/plugins/gradle-maven-5.4.1.jar
7f7e949e3000-7f7e949e5000 r--s 0000c000 fd:01 5121023                    /home/re-animator/.gradle/wrapper/dists/gradle-5.4.1-all/3221gyojl5jsh0helicew7rwx/gradle-5.4.1/lib/plugins/gradle-language-scala-5.4.1.jar
7f7e949e5000-7f7e949f0000 r--s 00054000 fd:01 5121003                    /home/re-animator/.gradle/wrapper/dists/gradle-5.4.1-all/3221gyojl5jsh0helicew7rwx/gradle-5.4.1/lib/plugins/gradle-language-native-5.4.1.jar
7f7e949f0000-7f7e949f2000 r--s 00005000 fd:01 5121031                    /home/re-animator/.gradle/wrapper/dists/gradle-5.4.1-all/3221gyojl5jsh0helicew7rwx/gradle-5.4.1/lib/plugins/gradle-language-jvm-5.4.1.jar
7f7e949f2000-7f7e949fb000 r--s 00042000 fd:01 5121029                    /home/re-animator/.gradle/wrapper/dists/gradle-5.4.1-all/3221gyojl5jsh0helicew7rwx/gradle-5.4.1/lib/plugins/gradle-language-java-5.4.1.jar
7f7e949fb000-7f7e949fd000 r--s 0000b000 fd:01 5121022                    /home/re-animator/.gradle/wrapper/dists/gradle-5.4.1-all/3221gyojl5jsh0helicew7rwx/gradle-5.4.1/lib/plugins/gradle-language-groovy-5.4.1.jar
7f7e949fd000-7f7e94a04000 r--s 00035000 fd:01 5121094                    /home/re-animator/.gradle/wrapper/dists/gradle-5.4.1-all/3221gyojl5jsh0helicew7rwx/gradle-5.4.1/lib/plugins/simple-4.1.21.jar
7f7e94a04000-7f7e94a11000 r--s 00125000 fd:01 5121091                    /home/re-animator/.gradle/wrapper/dists/gradle-5.4.1-all/3221gyojl5jsh0helicew7rwx/gradle-5.4.1/lib/plugins/rhino-1.7.10.jar
7f7e94a11000-7f7e94a15000 r--s 00012000 fd:01 5121015                    /home/re-animator/.gradle/wrapper/dists/gradle-5.4.1-all/3221gyojl5jsh0helicew7rwx/gradle-5.4.1/lib/plugins/gradle-javascript-5.4.1.jar
7f7e94a15000-7f7e94a19000 r--s 00011000 fd:01 5121018                    /home/re-animator/.gradle/wrapper/dists/gradle-5.4.1-all/3221gyojl5jsh0helicew7rwx/gradle-5.4.1/lib/plugins/gradle-jacoco-5.4.1.jar
7f7e94a19000-7f7e94a1d000 r--s 00015000 fd:01 5121017                    /home/re-animator/.gradle/wrapper/dists/gradle-5.4.1-all/3221gyojl5jsh0helicew7rwx/gradle-5.4.1/lib/plugins/gradle-ivy-5.4.1.jar
7f7e94a1d000-7f7e94a1f000 r--s 00002000 fd:01 5121007                    /home/re-animator/.gradle/wrapper/dists/gradle-5.4.1-all/3221gyojl5jsh0helicew7rwx/gradle-5.4.1/lib/plugins/gradle-ide-play-5.4.1.jar
7f7e94a1f000-7f7e94a21000 r--s 00011000 fd:01 5121101                    /home/re-animator/.gradle/wrapper/dists/gradle-5.4.1-all/3221gyojl5jsh0helicew7rwx/gradle-5.4.1/lib/plugins/dd-plist-1.21.jar
7f7e94a21000-7f7e94a28000 r--s 00034000 fd:01 5121001                    /home/re-animator/.gradle/wrapper/dists/gradle-5.4.1-all/3221gyojl5jsh0helicew7rwx/gradle-5.4.1/lib/plugins/gradle-ide-native-5.4.1.jar
7f7e94a28000-7f7e94a32000 r--s 0005f000 fd:01 5121009                    /home/re-animator/.gradle/wrapper/dists/gradle-5.4.1-all/3221gyojl5jsh0helicew7rwx/gradle-5.4.1/lib/plugins/gradle-ide-5.4.1.jar
7f7e94a32000-7f7e94a34000 r--s 00008000 fd:01 5121013                    /home/re-animator/.gradle/wrapper/dists/gradle-5.4.1-all/3221gyojl5jsh0helicew7rwx/gradle-5.4.1/lib/plugins/gradle-ear-5.4.1.jar
7f7e94a34000-7f7e94a36000 r--s 00006000 fd:01 5121095                    /home/re-animator/.gradle/wrapper/dists/gradle-5.4.1-all/3221gyojl5jsh0helicew7rwx/gradle-5.4.1/lib/plugins/jatl-0.2.3.jar
7f7e94a36000-7f7e94a3c000 r--s 0003e000 fd:01 5121035                    /home/re-animator/.gradle/wrapper/dists/gradle-5.4.1-all/3221gyojl5jsh0helicew7rwx/gradle-5.4.1/lib/plugins/gradle-diagnostics-5.4.1.jar
7f7e94a3c000-7f7e94a41000 r--s 00028000 fd:01 5120995                    /home/re-animator/.gradle/wrapper/dists/gradle-5.4.1-all/3221gyojl5jsh0helicew7rwx/gradle-5.4.1/lib/plugins/gradle-code-quality-5.4.1.jar
7f7e94a41000-7f7e94a43000 r--s 0000b000 fd:01 5121097                    /home/re-animator/.gradle/wrapper/dists/gradle-5.4.1-all/3221gyojl5jsh0helicew7rwx/gradle-5.4.1/lib/plugins/maven-plugin-api-3.0.4.jar
7f7e94a43000-7f7e94a45000 r--s 0000c000 fd:01 5121147                    /home/re-animator/.gradle/wrapper/dists/gradle-5.4.1-all/3221gyojl5jsh0helicew7rwx/gradle-5.4.1/lib/plugins/wagon-provider-api-3.0.0.jar
7f7e94a45000-7f7e94a4b000 r--s 0003f000 fd:01 5121081                    /home/re-animator/.gradle/wrapper/dists/gradle-5.4.1-all/3221gyojl5jsh0helicew7rwx/gradle-5.4.1/lib/plugins/maven-compat-3.0.4.jar
7f7e94a4b000-7f7e94a4e000 r--s 0000a000 fd:01 5121143                    /home/re-animator/.gradle/wrapper/dists/gradle-5.4.1-all/3221gyojl5jsh0helicew7rwx/gradle-5.4.1/lib/plugins/plexus-classworlds-2.5.1.jar
7f7e94a4e000-7f7e94a52000 r--s 00021000 fd:01 5121150                    /home/re-animator/.gradle/wrapper/dists/gradle-5.4.1-all/3221gyojl5jsh0helicew7rwx/gradle-5.4.1/lib/plugins/xbean-reflect-3.7.jar
7f7e94a52000-7f7e94a59000 r--s 00032000 fd:01 5121087                    /home/re-animator/.gradle/wrapper/dists/gradle-5.4.1-all/3221gyojl5jsh0helicew7rwx/gradle-5.4.1/lib/plugins/plexus-container-default-1.7.1.jar
7f7e94a59000-7f7e94a5f000 r--s 00031000 fd:01 5121019                    /home/re-animator/.gradle/wrapper/dists/gradle-5.4.1-all/3221gyojl5jsh0helicew7rwx/gradle-5.4.1/lib/plugins/gradle-build-init-5.4.1.jar
7f7e94a5f000-7f7e94a76000 r-xp 00000000 fd:01 13369522                   /lib/x86_64-linux-gnu/libgcc_s.so.1
7f7e94a76000-7f7e94c75000 ---p 00017000 fd:01 13369522                   /lib/x86_64-linux-gnu/libgcc_s.so.1
7f7e94c75000-7f7e94c76000 r--p 00016000 fd:01 13369522                   /lib/x86_64-linux-gnu/libgcc_s.so.1
7f7e94c76000-7f7e94c77000 rw-p 00017000 fd:01 13369522                   /lib/x86_64-linux-gnu/libgcc_s.so.1
7f7e94c77000-7f7e94df0000 r-xp 00000000 fd:01 3278232                    /usr/lib/x86_64-linux-gnu/libstdc++.so.6.0.25
7f7e94df0000-7f7e94ff0000 ---p 00179000 fd:01 3278232                    /usr/lib/x86_64-linux-gnu/libstdc++.so.6.0.25
7f7e94ff0000-7f7e94ffa000 r--p 00179000 fd:01 3278232                    /usr/lib/x86_64-linux-gnu/libstdc++.so.6.0.25
7f7e94ffa000-7f7e94ffc000 rw-p 00183000 fd:01 3278232                    /usr/lib/x86_64-linux-gnu/libstdc++.so.6.0.25
7f7e94ffc000-7f7e98000000 rw-p 00000000 00:00 0 
7f7e98000000-7f7e98021000 rw-p 00000000 00:00 0 
7f7e98021000-7f7e9c000000 ---p 00000000 00:00 0 
7f7e9c000000-7f7e9c006000 r--s 0002e000 fd:01 5121011                    /home/re-animator/.gradle/wrapper/dists/gradle-5.4.1-all/3221gyojl5jsh0helicew7rwx/gradle-5.4.1/lib/plugins/gradle-build-comparison-5.4.1.jar
7f7e9c006000-7f7e9c008000 r--s 00002000 fd:01 5121050                    /home/re-animator/.gradle/wrapper/dists/gradle-5.4.1-all/3221gyojl5jsh0helicew7rwx/gradle-5.4.1/lib/plugins/gradle-build-cache-http-5.4.1.jar
7f7e9c008000-7f7e9c00a000 r--s 00009000 fd:01 5120994                    /home/re-animator/.gradle/wrapper/dists/gradle-5.4.1-all/3221gyojl5jsh0helicew7rwx/gradle-5.4.1/lib/plugins/gradle-antlr-5.4.1.jar
7f7e9c00a000-7f7e9c00b000 r--s 00005000 fd:01 5120993                    /home/re-animator/.gradle/wrapper/dists/gradle-5.4.1-all/3221gyojl5jsh0helicew7rwx/gradle-5.4.1/lib/plugins/gradle-announce-5.4.1.jar
7f7e9c00b000-7f7e9c00e000 r--s 00017000 fd:01 5121057                    /home/re-animator/.gradle/wrapper/dists/gradle-5.4.1-all/3221gyojl5jsh0helicew7rwx/gradle-5.4.1/lib/plugins/gradle-kotlin-dsl-tooling-builders-5.4.1.jar
7f7e9c00e000-7f7e9c014000 r--s 00029000 fd:01 5121055                    /home/re-animator/.gradle/wrapper/dists/gradle-5.4.1-all/3221gyojl5jsh0helicew7rwx/gradle-5.4.1/lib/plugins/gradle-kotlin-dsl-provider-plugins-5.4.1.jar
7f7e9c014000-7f7e9c015000 r--s 00000000 fd:01 5120889                    /home/re-animator/.gradle/wrapper/dists/gradle-5.4.1-all/3221gyojl5jsh0helicew7rwx/gradle-5.4.1/lib/gradle-runtime-api-info-5.4.1.jar
7f7e9c015000-7f7e9c01a000 r--s 00040000 fd:01 5121110                    /home/re-animator/.gradle/wrapper/dists/gradle-5.4.1-all/3221gyojl5jsh0helicew7rwx/gradle-5.4.1/lib/plugins/jsch-0.1.54.jar
7f7e9c01a000-7f7e9c01c000 r--s 00010000 fd:01 5121131                    /home/re-animator/.gradle/wrapper/dists/gradle-5.4.1-all/3221gyojl5jsh0helicew7rwx/gradle-5.4.1/lib/plugins/jzlib-1.1.3.jar
7f7e9c01c000-7f7e9c041000 r--s 00265000 fd:01 5121063                    /home/re-animator/.gradle/wrapper/dists/gradle-5.4.1-all/3221gyojl5jsh0helicew7rwx/gradle-5.4.1/lib/plugins/org.eclipse.jgit-5.0.3.201809091024-r.jar
7f7e9c041000-7f7e9c044000 r--s 0000c000 fd:01 5121042                    /home/re-animator/.gradle/wrapper/dists/gradle-5.4.1-all/3221gyojl5jsh0helicew7rwx/gradle-5.4.1/lib/plugins/gradle-version-control-5.4.1.jar
7f7e9c044000-7f7e9c05d000 r--s 0013a000 fd:01 5121109                    /home/re-animator/.gradle/wrapper/dists/gradle-5.4.1-all/3221gyojl5jsh0helicew7rwx/gradle-5.4.1/lib/plugins/xercesImpl-2.12.0.jar
7f7e9c05d000-7f7e9c05f000 r--s 0001d000 fd:01 5121107                    /home/re-animator/.gradle/wrapper/dists/gradle-5.4.1-all/3221gyojl5jsh0helicew7rwx/gradle-5.4.1/lib/plugins/nekohtml-1.9.22.jar
7f7e9c05f000-7f7e9c065000 r--s 0005b000 fd:01 5121106                    /home/re-animator/.gradle/wrapper/dists/gradle-5.4.1-all/3221gyojl5jsh0helicew7rwx/gradle-5.4.1/lib/plugins/jcifs-1.3.17.jar
7f7e9c065000-7f7e9c06c000 r--s 0004b000 fd:01 5121075                    /home/re-animator/.gradle/wrapper/dists/gradle-5.4.1-all/3221gyojl5jsh0helicew7rwx/gradle-5.4.1/lib/plugins/commons-codec-1.11.jar
7f7e9c06c000-7f7e9c073000 r--s 00049000 fd:01 5121129                    /home/re-animator/.gradle/wrapper/dists/gradle-5.4.1-all/3221gyojl5jsh0helicew7rwx/gradle-5.4.1/lib/plugins/httpcore-4.4.10.jar
7f7e9c073000-7f7e9c080000 r--s 000af000 fd:01 5121074                    /home/re-animator/.gradle/wrapper/dists/gradle-5.4.1-all/3221gyojl5jsh0helicew7rwx/gradle-5.4.1/lib/plugins/httpclient-4.5.6.jar
7f7e9c080000-7f7e9c083000 r--s 0000e000 fd:01 5121051                    /home/re-animator/.gradle/wrapper/dists/gradle-5.4.1-all/3221gyojl5jsh0helicew7rwx/gradle-5.4.1/lib/plugins/gradle-resources-http-5.4.1.jar
7f7e9c083000-7f7e9c086000 r--s 0000c000 fd:01 5121041                    /home/re-animator/.gradle/wrapper/dists/gradle-5.4.1-all/3221gyojl5jsh0helicew7rwx/gradle-5.4.1/lib/plugins/gradle-plugin-use-5.4.1.jar
7f7e9c086000-7f7e9c089000 r--s 0000d000 fd:01 5121045                    /home/re-animator/.gradle/wrapper/dists/gradle-5.4.1-all/3221gyojl5jsh0helicew7rwx/gradle-5.4.1/lib/plugins/gradle-composite-builds-5.4.1.jar
7f7e9c089000-7f7e9c08a000 r--s 00000000 fd:01 5120893                    /home/re-animator/.gradle/wrapper/dists/gradle-5.4.1-all/3221gyojl5jsh0helicew7rwx/gradle-5.4.1/lib/gradle-installation-beacon-5.4.1.jar
7f7e9c08a000-7f7e9c08c000 r--s 00006000 fd:01 5121137                    /home/re-animator/.gradle/wrapper/dists/gradle-5.4.1-all/3221gyojl5jsh0helicew7rwx/gradle-5.4.1/lib/plugins/maven-repository-metadata-3.0.4.jar
7f7e9c08c000-7f7e9c08e000 r--s 0000c000 fd:01 5121121                    /home/re-animator/.gradle/wrapper/dists/gradle-5.4.1-all/3221gyojl5jsh0helicew7rwx/gradle-5.4.1/lib/plugins/maven-aether-provider-3.0.4.jar
7f7e9c08e000-7f7e9c08f000 r--s 00003000 fd:01 5121123                    /home/re-animator/.gradle/wrapper/dists/gradle-5.4.1-all/3221gyojl5jsh0helicew7rwx/gradle-5.4.1/lib/plugins/aether-spi-1.13.1.jar
7f7e9c08f000-7f7e9c092000 r--s 0001d000 fd:01 5121122                    /home/re-animator/.gradle/wrapper/dists/gradle-5.4.1-all/3221gyojl5jsh0helicew7rwx/gradle-5.4.1/lib/plugins/aether-impl-1.13.1.jar
7f7e9c092000-7f7e9c096000 r--s 0001c000 fd:01 5121125                    /home/re-animator/.gradle/wrapper/dists/gradle-5.4.1-all/3221gyojl5jsh0helicew7rwx/gradle-5.4.1/lib/plugins/aether-util-1.13.1.jar
7f7e9c096000-7f7e9c099000 r--s 00013000 fd:01 5121126                    /home/re-animator/.gradle/wrapper/dists/gradle-5.4.1-all/3221gyojl5jsh0helicew7rwx/gradle-5.4.1/lib/plugins/aether-api-1.13.1.jar
7f7e9c099000-7f7e9c09b000 r--s 0000b000 fd:01 5121133                    /home/re-animator/.gradle/wrapper/dists/gradle-5.4.1-all/3221gyojl5jsh0helicew7rwx/gradle-5.4.1/lib/plugins/maven-artifact-3.0.4.jar
7f7e9c09b000-7f7e9c09f000 r--s 00021000 fd:01 5121134                    /home/re-animator/.gradle/wrapper/dists/gradle-5.4.1-all/3221gyojl5jsh0helicew7rwx/gradle-5.4.1/lib/plugins/maven-model-builder-3.0.4.jar
7f7e9c09f000-7f7e9c0a1000 r--s 00026000 fd:01 5121135                    /home/re-animator/.gradle/wrapper/dists/gradle-5.4.1-all/3221gyojl5jsh0helicew7rwx/gradle-5.4.1/lib/plugins/maven-model-3.0.4.jar
7f7e9c0a1000-7f7e9c0a3000 r--s 0000a000 fd:01 5121139                    /home/re-animator/.gradle/wrapper/dists/gradle-5.4.1-all/3221gyojl5jsh0helicew7rwx/gradle-5.4.1/lib/plugins/maven-settings-3.0.4.jar
7f7e9c0a3000-7f7e9c0a5000 r--s 00002000 fd:01 5121142                    /home/re-animator/.gradle/wrapper/dists/gradle-5.4.1-all/3221gyojl5jsh0helicew7rwx/gradle-5.4.1/lib/plugins/plexus-cipher-1.7.jar
7f7e9c0a5000-7f7e9c0a6000 r--s 00006000 fd:01 5121141                    /home/re-animator/.gradle/wrapper/dists/gradle-5.4.1-all/3221gyojl5jsh0helicew7rwx/gradle-5.4.1/lib/plugins/plexus-sec-dispatcher-1.3.jar
7f7e9c0a6000-7f7e9c0a8000 r--s 00000000 fd:01 5121145                    /home/re-animator/.gradle/wrapper/dists/gradle-5.4.1-all/3221gyojl5jsh0helicew7rwx/gradle-5.4.1/lib/plugins/plexus-component-annotations-1.5.5.jar
7f7e9c0a8000-7f7e9c0aa000 r--s 0000d000 fd:01 5121146                    /home/re-animator/.gradle/wrapper/dists/gradle-5.4.1-all/3221gyojl5jsh0helicew7rwx/gradle-5.4.1/lib/plugins/plexus-interpolation-1.14.jar
7f7e9c0aa000-7f7e9c0ae000 r--s 0003c000 fd:01 5121149                    /home/re-animator/.gradle/wrapper/dists/gradle-5.4.1-all/3221gyojl5jsh0helicew7rwx/gradle-5.4.1/lib/plugins/plexus-utils-3.1.0.jar
7f7e9c0ae000-7f7e9c0b1000 r--s 00008000 fd:01 5121138                    /home/re-animator/.gradle/wrapper/dists/gradle-5.4.1-all/3221gyojl5jsh0helicew7rwx/gradle-5.4.1/lib/plugins/maven-settings-builder-3.0.4.jar
7f7e9c0b1000-7f7e9c0bd000 r--s 0007d000 fd:01 5121082                    /home/re-animator/.gradle/wrapper/dists/gradle-5.4.1-all/3221gyojl5jsh0helicew7rwx/gradle-5.4.1/lib/plugins/maven-core-3.0.4.jar
7f7e9c0bd000-7f7e9c0d2000 r--s 00116000 fd:01 5121079                    /home/re-animator/.gradle/wrapper/dists/gradle-5.4.1-all/3221gyojl5jsh0helicew7rwx/gradle-5.4.1/lib/plugins/ivy-2.3.0.jar
7f7e9c0d2000-7f7e9c0d7000 r--s 00036000 fd:01 5121093                    /home/re-animator/.gradle/wrapper/dists/gradle-5.4.1-all/3221gyojl5jsh0helicew7rwx/gradle-5.4.1/lib/plugins/gson-2.8.5.jar
7f7e9c0d7000-7f7e9c136000 r--s 003f7000 fd:01 5121119                    /home/re-animator/.gradle/wrapper/dists/gradle-5.4.1-all/3221gyojl5jsh0helicew7rwx/gradle-5.4.1/lib/plugins/bcprov-jdk15on-1.61.jar
7f7e9c136000-7f7e9c137000 r--s 00013000 fd:01 5121077                    /home/re-animator/.gradle/wrapper/dists/gradle-5.4.1-all/3221gyojl5jsh0helicew7rwx/gradle-5.4.1/lib/plugins/asm-util-7.0.jar
7f7e9c137000-7f7e9c16a000 r--s 001c3000 fd:01 5121043                    /home/re-animator/.gradle/wrapper/dists/gradle-5.4.1-all/3221gyojl5jsh0helicew7rwx/gradle-5.4.1/lib/plugins/gradle-dependency-management-5.4.1.jar
7f7e9c16a000-7f7e9c16d000 r--s 0000e000 fd:01 5121058                    /home/re-animator/.gradle/wrapper/dists/gradle-5.4.1-all/3221gyojl5jsh0helicew7rwx/gradle-5.4.1/lib/plugins/gradle-workers-5.4.1.jar
7f7e9c16d000-7f7e9c173000 r-xp 00000000 fd:01 5123022                    /home/re-animator/.gradle/native/29/linux-amd64/libnative-platform.so
7f7e9c173000-7f7e9c372000 ---p 00006000 fd:01 5123022                    /home/re-animator/.gradle/native/29/linux-amd64/libnative-platform.so
7f7e9c372000-7f7e9c373000 rw-p 00005000 fd:01 5123022                    /home/re-animator/.gradle/native/29/linux-amd64/libnative-platform.so
7f7e9c373000-7f7e9c383000 r-xp 00000000 fd:01 6162691                    /home/re-animator/Documents/android-studio/jre/jre/lib/amd64/libnio.so
7f7e9c383000-7f7e9c384000 rw-p 00010000 fd:01 6162691                    /home/re-animator/Documents/android-studio/jre/jre/lib/amd64/libnio.so
7f7e9c384000-7f7e9c39a000 r-xp 00000000 fd:01 6162475                    /home/re-animator/Documents/android-studio/jre/jre/lib/amd64/libnet.so
7f7e9c39a000-7f7e9c39b000 rw-p 00016000 fd:01 6162475                    /home/re-animator/Documents/android-studio/jre/jre/lib/amd64/libnet.so
7f7e9c39b000-7f7e9c39d000 r--s 00006000 fd:01 5120891                    /home/re-animator/.gradle/wrapper/dists/gradle-5.4.1-all/3221gyojl5jsh0helicew7rwx/gradle-5.4.1/lib/gradle-wrapper-5.4.1.jar
7f7e9c39d000-7f7e9c3ac000 r--s 0004c000 fd:01 5120890                    /home/re-animator/.gradle/wrapper/dists/gradle-5.4.1-all/3221gyojl5jsh0helicew7rwx/gradle-5.4.1/lib/gradle-tooling-api-5.4.1.jar
7f7e9c3ac000-7f7e9c3b7000 r--s 00081000 fd:01 5120969                    /home/re-animator/.gradle/wrapper/dists/gradle-5.4.1-all/3221gyojl5jsh0helicew7rwx/gradle-5.4.1/lib/trove4j-1.0.20181211.jar
7f7e9c3b7000-7f7e9c3b9000 r--s 00009000 fd:01 5120967                    /home/re-animator/.gradle/wrapper/dists/gradle-5.4.1-all/3221gyojl5jsh0helicew7rwx/gradle-5.4.1/lib/kotlin-script-runtime-1.3.21.jar
7f7e9c3b9000-7f7e9c3f0000 r--s 00255000 fd:01 5120959                    /home/re-animator/.gradle/wrapper/dists/gradle-5.4.1-all/3221gyojl5jsh0helicew7rwx/gradle-5.4.1/lib/kotlin-reflect-1.3.21.jar
7f7e9c3f0000-7f7e9c5cf000 r--s 01b1b000 fd:01 5120923                    /home/re-animator/.gradle/wrapper/dists/gradle-5.4.1-all/3221gyojl5jsh0helicew7rwx/gradle-5.4.1/lib/kotlin-compiler-embeddable-1.3.21-patched-for-gradle-5.4.1.jar
7f7e9c5cf000-7f7e9c5d0000 r--s 00001000 fd:01 5120938                    /home/re-animator/.gradle/wrapper/dists/gradle-5.4.1-all/3221gyojl5jsh0helicew7rwx/gradle-5.4.1/lib/gradle-kotlin-dsl-tooling-models-5.4.1.jar
7f7e9c5d0000-7f7e9c5de000 r--s 00236000 fd:01 5120942                    /home/re-animator/.gradle/wrapper/dists/gradle-5.4.1-all/3221gyojl5jsh0helicew7rwx/gradle-5.4.1/lib/kotlinx-metadata-jvm-0.0.5.jar
7f7e9c5de000-7f7e9c5df000 r--s 00002000 fd:01 5120941                    /home/re-animator/.gradle/wrapper/dists/gradle-5.4.1-all/3221gyojl5jsh0helicew7rwx/gradle-5.4.1/lib/kotlin-sam-with-receiver-compiler-plugin-1.3.21.jar
7f7e9c5df000-7f7e9c5e1000 r--s 00003000 fd:01 5120963                    /home/re-animator/.gradle/wrapper/dists/gradle-5.4.1-all/3221gyojl5jsh0helicew7rwx/gradle-5.4.1/lib/annotations-13.0.jar
7f7e9c5e1000-7f7e9c5e8000 r--s 0001f000 fd:01 5120990                    /home/re-animator/.gradle/wrapper/dists/gradle-5.4.1-all/3221gyojl5jsh0helicew7rwx/gradle-5.4.1/lib/kotlin-stdlib-common-1.3.21.jar
7f7e9c5e8000-7f7e9d000000 r--p 00000000 fd:01 3283576                    /usr/lib/locale/locale-archive
7f7e9d000000-7f7e9d5e0000 rwxp 00000000 00:00 0 
7f7e9d5e0000-7f7eac000000 ---p 00000000 00:00 0 
7f7eac000000-7f7ead16d000 rw-p 00000000 00:00 0 
7f7ead16d000-7f7eb0000000 ---p 00000000 00:00 0 
7f7eb0000000-7f7eb0001000 r--s 00000000 fd:01 5120961                    /home/re-animator/.gradle/wrapper/dists/gradle-5.4.1-all/3221gyojl5jsh0helicew7rwx/gradle-5.4.1/lib/kotlin-stdlib-jdk7-1.3.21.jar
7f7eb0001000-7f7eb0014000 r--s 0010f000 fd:01 5120962                    /home/re-animator/.gradle/wrapper/dists/gradle-5.4.1-all/3221gyojl5jsh0helicew7rwx/gradle-5.4.1/lib/kotlin-stdlib-1.3.21.jar
7f7eb0014000-7f7eb0016000 r--s 00002000 fd:01 5120939                    /home/re-animator/.gradle/wrapper/dists/gradle-5.4.1-all/3221gyojl5jsh0helicew7rwx/gradle-5.4.1/lib/kotlin-stdlib-jdk8-1.3.21.jar
7f7eb0016000-7f7eb0031000 r--s 0015d000 fd:01 5120894                    /home/re-animator/.gradle/wrapper/dists/gradle-5.4.1-all/3221gyojl5jsh0helicew7rwx/gradle-5.4.1/lib/gradle-kotlin-dsl-5.4.1.jar
7f7eb0031000-7f7eb0035000 r--s 00013000 fd:01 5120901                    /home/re-animator/.gradle/wrapper/dists/gradle-5.4.1-all/3221gyojl5jsh0helicew7rwx/gradle-5.4.1/lib/gradle-build-cache-5.4.1.jar
7f7eb0035000-7f7eb0037000 r--s 00006000 fd:01 5120899                    /home/re-animator/.gradle/wrapper/dists/gradle-5.4.1-all/3221gyojl5jsh0helicew7rwx/gradle-5.4.1/lib/gradle-build-cache-packaging-5.4.1.jar
7f7eb0037000-7f7eb003c000 r--s 0001f000 fd:01 5120898                    /home/re-animator/.gradle/wrapper/dists/gradle-5.4.1-all/3221gyojl5jsh0helicew7rwx/gradle-5.4.1/lib/gradle-execution-5.4.1.jar
7f7eb003c000-7f7eb0040000 r--s 0001a000 fd:01 5120903                    /home/re-animator/.gradle/wrapper/dists/gradle-5.4.1-all/3221gyojl5jsh0helicew7rwx/gradle-5.4.1/lib/gradle-files-5.4.1.jar
7f7eb0040000-7f7eb0045000 r--s 00026000 fd:01 5120902                    /home/re-animator/.gradle/wrapper/dists/gradle-5.4.1-all/3221gyojl5jsh0helicew7rwx/gradle-5.4.1/lib/gradle-snapshots-5.4.1.jar
7f7eb0045000-7f7eb004a000 r--s 00015000 fd:01 5120913                    /home/re-animator/.gradle/wrapper/dists/gradle-5.4.1-all/3221gyojl5jsh0helicew7rwx/gradle-5.4.1/lib/gradle-resources-5.4.1.jar
7f7eb004a000-7f7eb0051000 r--s 00036000 fd:01 5120909                    /home/re-animator/.gradle/wrapper/dists/gradle-5.4.1-all/3221gyojl5jsh0helicew7rwx/gradle-5.4.1/lib/gradle-persistent-cache-5.4.1.jar
7f7eb0051000-7f7eb0052000 r--s 00003000 fd:01 5120919                    /home/re-animator/.gradle/wrapper/dists/gradle-5.4.1-all/3221gyojl5jsh0helicew7rwx/gradle-5.4.1/lib/gradle-build-option-5.4.1.jar
7f7eb0052000-7f7eb0054000 r--s 00005000 fd:01 5120921                    /home/re-animator/.gradle/wrapper/dists/gradle-5.4.1-all/3221gyojl5jsh0helicew7rwx/gradle-5.4.1/lib/gradle-cli-5.4.1.jar
7f7eb0054000-7f7eb0056000 r--s 00004000 fd:01 5120935                    /home/re-animator/.gradle/wrapper/dists/gradle-5.4.1-all/3221gyojl5jsh0helicew7rwx/gradle-5.4.1/lib/log4j-over-slf4j-1.7.25.jar
7f7eb0056000-7f7eb0058000 r--s 00000000 fd:01 5120934                    /home/re-animator/.gradle/wrapper/dists/gradle-5.4.1-all/3221gyojl5jsh0helicew7rwx/gradle-5.4.1/lib/jul-to-slf4j-1.7.25.jar
7f7eb0058000-7f7eb005a000 r--s 00003000 fd:01 5120933                    /home/re-animator/.gradle/wrapper/dists/gradle-5.4.1-all/3221gyojl5jsh0helicew7rwx/gradle-5.4.1/lib/jcl-over-slf4j-1.7.25.jar
7f7eb005a000-7f7eb0062000 r--s 00038000 fd:01 5120910                    /home/re-animator/.gradle/wrapper/dists/gradle-5.4.1-all/3221gyojl5jsh0helicew7rwx/gradle-5.4.1/lib/gradle-logging-5.4.1.jar
7f7eb0062000-7f7eb0077000 r--s 000c1000 fd:01 5120906                    /home/re-animator/.gradle/wrapper/dists/gradle-5.4.1-all/3221gyojl5jsh0helicew7rwx/gradle-5.4.1/lib/gradle-model-core-5.4.1.jar
7f7eb0077000-7f7eb0079000 r--s 00006000 fd:01 5120915                    /home/re-animator/.gradle/wrapper/dists/gradle-5.4.1-all/3221gyojl5jsh0helicew7rwx/gradle-5.4.1/lib/gradle-base-services-groovy-5.4.1.jar
7f7eb0079000-7f7eb007b000 r--s 00007000 fd:01 5120905                    /home/re-animator/.gradle/wrapper/dists/gradle-5.4.1-all/3221gyojl5jsh0helicew7rwx/gradle-5.4.1/lib/gradle-model-groovy-5.4.1.jar
7f7eb007b000-7f7eb007c000 r--s 00007000 fd:01 5120922                    /home/re-animator/.gradle/wrapper/dists/gradle-5.4.1-all/3221gyojl5jsh0helicew7rwx/gradle-5.4.1/lib/gradle-docs-5.4.1.jar
7f7eb007c000-7f7eb0085000 r--s 0002d000 fd:01 5120954                    /home/re-animator/.gradle/wrapper/dists/gradle-5.4.1-all/3221gyojl5jsh0helicew7rwx/gradle-5.4.1/lib/xml-apis-1.4.01.jar
7f7eb0085000-7f7eb0086000 r--s 00000000 fd:01 5120950                    /home/re-animator/.gradle/wrapper/dists/gradle-5.4.1-all/3221gyojl5jsh0helicew7rwx/gradle-5.4.1/lib/javax.inject-1.jar
7f7eb0086000-7f7eb010b000 r--s 007a7000 fd:01 5120947                    /home/re-animator/.gradle/wrapper/dists/gradle-5.4.1-all/3221gyojl5jsh0helicew7rwx/gradle-5.4.1/lib/groovy-all-1.0-2.5.4.jar
7f7eb010b000-7f7eb0116000 r--s 00086000 fd:01 5120953                    /home/re-animator/.gradle/wrapper/dists/gradle-5.4.1-all/3221gyojl5jsh0helicew7rwx/gradle-5.4.1/lib/commons-compress-1.18.jar
7f7eb0116000-7f7eb0118000 r--s 00007000 fd:01 5120926                    /home/re-animator/.gradle/wrapper/dists/gradle-5.4.1-all/3221gyojl5jsh0helicew7rwx/gradle-5.4.1/lib/asm-analysis-7.0.jar
7f7eb0118000-7f7eb011a000 r--s 0000b000 fd:01 5120927                    /home/re-animator/.gradle/wrapper/dists/gradle-5.4.1-all/3221gyojl5jsh0helicew7rwx/gradle-5.4.1/lib/asm-tree-7.0.jar
7f7eb011a000-7f7eb011c000 r--s 00012000 fd:01 5120925                    /home/re-animator/.gradle/wrapper/dists/gradle-5.4.1-all/3221gyojl5jsh0helicew7rwx/gradle-5.4.1/lib/asm-commons-7.0.jar
7f7eb011c000-7f7eb011d000 r--s 00004000 fd:01 5120970                    /home/re-animator/.gradle/wrapper/dists/gradle-5.4.1-all/3221gyojl5jsh0helicew7rwx/gradle-5.4.1/lib/native-platform-freebsd-amd64-libcpp-0.17.jar
7f7eb011d000-7f7eb011e000 r--s 00004000 fd:01 5120971                    /home/re-animator/.gradle/wrapper/dists/gradle-5.4.1-all/3221gyojl5jsh0helicew7rwx/gradle-5.4.1/lib/native-platform-freebsd-amd64-libstdcpp-0.17.jar
7f7eb011e000-7f7eb011f000 r--s 00004000 fd:01 5120973                    /home/re-animator/.gradle/wrapper/dists/gradle-5.4.1-all/3221gyojl5jsh0helicew7rwx/gradle-5.4.1/lib/native-platform-freebsd-i386-libcpp-0.17.jar
7f7eb011f000-7f7eb0120000 r--s 00004000 fd:01 5120974                    /home/re-animator/.gradle/wrapper/dists/gradle-5.4.1-all/3221gyojl5jsh0helicew7rwx/gradle-5.4.1/lib/native-platform-freebsd-i386-libstdcpp-0.17.jar
7f7eb0120000-7f7eb0121000 r--s 00002000 fd:01 5120975                    /home/re-animator/.gradle/wrapper/dists/gradle-5.4.1-all/3221gyojl5jsh0helicew7rwx/gradle-5.4.1/lib/native-platform-linux-amd64-0.17.jar
7f7eb0121000-7f7eb0122000 r--s 00002000 fd:01 5120977                    /home/re-animator/.gradle/wrapper/dists/gradle-5.4.1-all/3221gyojl5jsh0helicew7rwx/gradle-5.4.1/lib/native-platform-linux-i386-0.17.jar
7f7eb0122000-7f7eb0123000 r--s 00003000 fd:01 5120978                    /home/re-animator/.gradle/wrapper/dists/gradle-5.4.1-all/3221gyojl5jsh0helicew7rwx/gradle-5.4.1/lib/native-platform-osx-amd64-0.17.jar
7f7eb0123000-7f7eb0124000 r--s 00010000 fd:01 5120979                    /home/re-animator/.gradle/wrapper/dists/gradle-5.4.1-all/3221gyojl5jsh0helicew7rwx/gradle-5.4.1/lib/native-platform-windows-amd64-0.17.jar
7f7eb0124000-7f7eb0125000 r--s 00010000 fd:01 5120981                    /home/re-animator/.gradle/wrapper/dists/gradle-5.4.1-all/3221gyojl5jsh0helicew7rwx/gradle-5.4.1/lib/native-platform-windows-amd64-min-0.17.jar
7f7eb0125000-7f7eb0126000 r--s 0000e000 fd:01 5120982                    /home/re-animator/.gradle/wrapper/dists/gradle-5.4.1-all/3221gyojl5jsh0helicew7rwx/gradle-5.4.1/lib/native-platform-windows-i386-0.17.jar
7f7eb0126000-7f7eb0127000 r--s 0000e000 fd:01 5120983                    /home/re-animator/.gradle/wrapper/dists/gradle-5.4.1-all/3221gyojl5jsh0helicew7rwx/gradle-5.4.1/lib/native-platform-windows-i386-min-0.17.jar
7f7eb0127000-7f7eb0129000 r--s 00001000 fd:01 5120985                    /home/re-animator/.gradle/wrapper/dists/gradle-5.4.1-all/3221gyojl5jsh0helicew7rwx/gradle-5.4.1/lib/native-platform-linux-amd64-ncurses5-0.17.jar
7f7eb0129000-7f7eb012a000 r--s 00001000 fd:01 5120986                    /home/re-animator/.gradle/wrapper/dists/gradle-5.4.1-all/3221gyojl5jsh0helicew7rwx/gradle-5.4.1/lib/native-platform-linux-amd64-ncurses6-0.17.jar
7f7eb012a000-7f7eb012b000 r--s 00001000 fd:01 5120987                    /home/re-animator/.gradle/wrapper/dists/gradle-5.4.1-all/3221gyojl5jsh0helicew7rwx/gradle-5.4.1/lib/native-platform-linux-i386-ncurses5-0.17.jar
7f7eb012b000-7f7eb0130000 r--s 0001a000 fd:01 5120951                    /home/re-animator/.gradle/wrapper/dists/gradle-5.4.1-all/3221gyojl5jsh0helicew7rwx/gradle-5.4.1/lib/native-platform-0.17.jar
7f7eb0130000-7f7eb0134000 r--s 00042000 fd:01 5120955                    /home/re-animator/.gradle/wrapper/dists/gradle-5.4.1-all/3221gyojl5jsh0helicew7rwx/gradle-5.4.1/lib/jansi-1.17.1.jar
7f7eb0134000-7f7eb0138000 r--s 0000c000 fd:01 5120914                    /home/re-animator/.gradle/wrapper/dists/gradle-5.4.1-all/3221gyojl5jsh0helicew7rwx/gradle-5.4.1/lib/gradle-native-5.4.1.jar
7f7eb0138000-7f7eb013a000 r--s 0000c000 fd:01 5120958                    /home/re-animator/.gradle/wrapper/dists/gradle-5.4.1-all/3221gyojl5jsh0helicew7rwx/gradle-5.4.1/lib/objenesis-2.6.jar
7f7eb013a000-7f7eb013c000 r--s 00000000 fd:01 5120966                    /home/re-animator/.gradle/wrapper/dists/gradle-5.4.1-all/3221gyojl5jsh0helicew7rwx/gradle-5.4.1/lib/minlog-1.2.jar
7f7eb013c000-7f7eb0142000 r--s 0004d000 fd:01 5120957                    /home/re-animator/.gradle/wrapper/dists/gradle-5.4.1-all/3221gyojl5jsh0helicew7rwx/gradle-5.4.1/lib/kryo-2.24.0.jar
7f7eb0142000-7f7eb0149000 r--s 00030000 fd:01 5120917                    /home/re-animator/.gradle/wrapper/dists/gradle-5.4.1-all/3221gyojl5jsh0helicew7rwx/gradle-5.4.1/lib/gradle-messaging-5.4.1.jar
7f7eb0149000-7f7eb014b000 r--s 00006000 fd:01 5120911                    /home/re-animator/.gradle/wrapper/dists/gradle-5.4.1-all/3221gyojl5jsh0helicew7rwx/gradle-5.4.1/lib/gradle-process-services-5.4.1.jar
7f7eb014b000-7f7eb014d000 r--s 00000000 fd:01 5120897                    /home/re-animator/.gradle/wrapper/dists/gradle-5.4.1-all/3221gyojl5jsh0helicew7rwx/gradle-5.4.1/lib/gradle-jvm-services-5.4.1.jar
7f7eb014d000-7f7eb014f000 r--s 00003000 fd:01 5120945                    /home/re-animator/.gradle/wrapper/dists/gradle-5.4.1-all/3221gyojl5jsh0helicew7rwx/gradle-5.4.1/lib/jsr305-3.0.2.jar
7f7eb014f000-7f7eb017f000 r--s 0024b000 fd:01 5120943                    /home/re-animator/.gradle/wrapper/dists/gradle-5.4.1-all/3221gyojl5jsh0helicew7rwx/gradle-5.4.1/lib/guava-26.0-android.jar
7f7eb017f000-7f7eb0182000 r--s 0001c000 fd:01 5120946                    /home/re-animator/.gradle/wrapper/dists/gradle-5.4.1-all/3221gyojl5jsh0helicew7rwx/gradle-5.4.1/lib/fastutil-8.2.1-min.jar
7f7eb0182000-7f7eb01a1000 r--s 001da000 fd:01 5120949                    /home/re-animator/.gradle/wrapper/dists/gradle-5.4.1-all/3221gyojl5jsh0helicew7rwx/gradle-5.4.1/lib/ant-1.9.13.jar
7f7eb01a1000-7f7eb01dd000 r--s 00203000 fd:01 5120895                    /home/re-animator/.gradle/wrapper/dists/gradle-5.4.1-all/3221gyojl5jsh0helicew7rwx/gradle-5.4.1/lib/gradle-core-5.4.1.jar
7f7eb01dd000-7f7eb01ec000 r--s 00043000 fd:01 5120907                    /home/re-animator/.gradle/wrapper/dists/gradle-5.4.1-all/3221gyojl5jsh0helicew7rwx/gradle-5.4.1/lib/gradle-core-api-5.4.1.jar
7f7eb01ec000-7f7eb01f9000 r--s 00067000 fd:01 5120918                    /home/re-animator/.gradle/wrapper/dists/gradle-5.4.1-all/3221gyojl5jsh0helicew7rwx/gradle-5.4.1/lib/gradle-base-services-5.4.1.jar
7f7eb01f9000-7f7eb01fa000 ---p 00000000 00:00 0 
7f7eb01fa000-7f7eb02fa000 rw-p 00000000 00:00 0 
7f7eb02fa000-7f7eb02fd000 ---p 00000000 00:00 0 
7f7eb02fd000-7f7eb03fb000 rw-p 00000000 00:00 0 
7f7eb03fb000-7f7eb03fc000 ---p 00000000 00:00 0 
7f7eb03fc000-7f7eb03ff000 ---p 00000000 00:00 0 
7f7eb03ff000-7f7eb04fc000 rw-p 00000000 00:00 0 
7f7eb04fc000-7f7eb04fd000 ---p 00000000 00:00 0 
7f7eb04fd000-7f7eb0500000 ---p 00000000 00:00 0 
7f7eb0500000-7f7eb05fd000 rw-p 00000000 00:00 0 
7f7eb05fd000-7f7eb05fe000 ---p 00000000 00:00 0 
7f7eb05fe000-7f7eb0601000 ---p 00000000 00:00 0 
7f7eb0601000-7f7eb06fe000 rw-p 00000000 00:00 0 
7f7eb06fe000-7f7eb0701000 ---p 00000000 00:00 0 
7f7eb0701000-7f7eb07ff000 rw-p 00000000 00:00 0 
7f7eb07ff000-7f7eb0802000 ---p 00000000 00:00 0 
7f7eb0802000-7f7eb0900000 rw-p 00000000 00:00 0 
7f7eb0900000-7f7eb0903000 ---p 00000000 00:00 0 
7f7eb0903000-7f7eb0a01000 rw-p 00000000 00:00 0 
7f7eb0a01000-7f7eb0a02000 ---p 00000000 00:00 0 
7f7eb0a02000-7f7eb1ae3000 rw-p 00000000 00:00 0 
7f7eb1ae3000-7f7eb1cb5000 r--s 03cad000 fd:01 6031594                    /home/re-animator/Documents/android-studio/jre/jre/lib/rt.jar
7f7eb1cb5000-7f7eb2886000 rw-p 00000000 00:00 0 
7f7eb2886000-7f7eb2887000 ---p 00000000 00:00 0 
7f7eb2887000-7f7eb2987000 rw-p 00000000 00:00 0 
7f7eb2987000-7f7eb2988000 ---p 00000000 00:00 0 
7f7eb2988000-7f7eb2a88000 rw-p 00000000 00:00 0 
7f7eb2a88000-7f7eb2a89000 ---p 00000000 00:00 0 
7f7eb2a89000-7f7eb2b89000 rw-p 00000000 00:00 0 
7f7eb2b89000-7f7eb2b8a000 ---p 00000000 00:00 0 
7f7eb2b8a000-7f7eb2cb4000 rw-p 00000000 00:00 0 
7f7eb2cb4000-7f7eb2e8a000 ---p 00000000 00:00 0 
7f7eb2e8a000-7f7eb2eb4000 rw-p 00000000 00:00 0 
7f7eb2eb4000-7f7eb308a000 ---p 00000000 00:00 0 
7f7eb308a000-7f7eb30ae000 rw-p 00000000 00:00 0 
7f7eb30ae000-7f7eb318a000 ---p 00000000 00:00 0 
7f7eb318a000-7f7eb31a3000 rw-p 00000000 00:00 0 
7f7eb31a3000-7f7eb354b000 ---p 00000000 00:00 0 
7f7eb354b000-7f7eb3556000 r-xp 00000000 fd:01 13374209                   /lib/x86_64-linux-gnu/libnss_files-2.27.so
7f7eb3556000-7f7eb3755000 ---p 0000b000 fd:01 13374209                   /lib/x86_64-linux-gnu/libnss_files-2.27.so
7f7eb3755000-7f7eb3756000 r--p 0000a000 fd:01 13374209                   /lib/x86_64-linux-gnu/libnss_files-2.27.so
7f7eb3756000-7f7eb3757000 rw-p 0000b000 fd:01 13374209                   /lib/x86_64-linux-gnu/libnss_files-2.27.so
7f7eb3757000-7f7eb375d000 rw-p 00000000 00:00 0 
7f7eb375d000-7f7eb3774000 r-xp 00000000 fd:01 13374203                   /lib/x86_64-linux-gnu/libnsl-2.27.so
7f7eb3774000-7f7eb3973000 ---p 00017000 fd:01 13374203                   /lib/x86_64-linux-gnu/libnsl-2.27.so
7f7eb3973000-7f7eb3974000 r--p 00016000 fd:01 13374203                   /lib/x86_64-linux-gnu/libnsl-2.27.so
7f7eb3974000-7f7eb3975000 rw-p 00017000 fd:01 13374203                   /lib/x86_64-linux-gnu/libnsl-2.27.so
7f7eb3975000-7f7eb3977000 rw-p 00000000 00:00 0 
7f7eb3977000-7f7eb3982000 r-xp 00000000 fd:01 13374220                   /lib/x86_64-linux-gnu/libnss_nis-2.27.so
7f7eb3982000-7f7eb3b81000 ---p 0000b000 fd:01 13374220                   /lib/x86_64-linux-gnu/libnss_nis-2.27.so
7f7eb3b81000-7f7eb3b82000 r--p 0000a000 fd:01 13374220                   /lib/x86_64-linux-gnu/libnss_nis-2.27.so
7f7eb3b82000-7f7eb3b83000 rw-p 0000b000 fd:01 13374220                   /lib/x86_64-linux-gnu/libnss_nis-2.27.so
7f7eb3b83000-7f7eb3b8b000 r-xp 00000000 fd:01 13374205                   /lib/x86_64-linux-gnu/libnss_compat-2.27.so
7f7eb3b8b000-7f7eb3d8b000 ---p 00008000 fd:01 13374205                   /lib/x86_64-linux-gnu/libnss_compat-2.27.so
7f7eb3d8b000-7f7eb3d8c000 r--p 00008000 fd:01 13374205                   /lib/x86_64-linux-gnu/libnss_compat-2.27.so
7f7eb3d8c000-7f7eb3d8d000 rw-p 00009000 fd:01 13374205                   /lib/x86_64-linux-gnu/libnss_compat-2.27.so
7f7eb3d8d000-7f7eb3d94000 r-xp 00000000 fd:01 13374260                   /lib/x86_64-linux-gnu/librt-2.27.so
7f7eb3d94000-7f7eb3f93000 ---p 00007000 fd:01 13374260                   /lib/x86_64-linux-gnu/librt-2.27.so
7f7eb3f93000-7f7eb3f94000 r--p 00006000 fd:01 13374260                   /lib/x86_64-linux-gnu/librt-2.27.so
7f7eb3f94000-7f7eb3f95000 rw-p 00007000 fd:01 13374260                   /lib/x86_64-linux-gnu/librt-2.27.so
7f7eb3f95000-7f7eb4132000 r-xp 00000000 fd:01 13374182                   /lib/x86_64-linux-gnu/libm-2.27.so
7f7eb4132000-7f7eb4331000 ---p 0019d000 fd:01 13374182                   /lib/x86_64-linux-gnu/libm-2.27.so
7f7eb4331000-7f7eb4332000 r--p 0019c000 fd:01 13374182                   /lib/x86_64-linux-gnu/libm-2.27.so
7f7eb4332000-7f7eb4333000 rw-p 0019d000 fd:01 13374182                   /lib/x86_64-linux-gnu/libm-2.27.so
7f7eb4333000-7f7eb4f59000 r-xp 00000000 fd:01 6294421                    /home/re-animator/Documents/android-studio/jre/jre/lib/amd64/server/libjvm.so
7f7eb4f59000-7f7eb5029000 rw-p 00c26000 fd:01 6294421                    /home/re-animator/Documents/android-studio/jre/jre/lib/amd64/server/libjvm.so
7f7eb5029000-7f7eb506d000 rw-p 00000000 00:00 0 
7f7eb506d000-7f7eb5254000 r-xp 00000000 fd:01 13374119                   /lib/x86_64-linux-gnu/libc-2.27.so
7f7eb5254000-7f7eb5454000 ---p 001e7000 fd:01 13374119                   /lib/x86_64-linux-gnu/libc-2.27.so
7f7eb5454000-7f7eb5458000 r--p 001e7000 fd:01 13374119                   /lib/x86_64-linux-gnu/libc-2.27.so
7f7eb5458000-7f7eb545a000 rw-p 001eb000 fd:01 13374119                   /lib/x86_64-linux-gnu/libc-2.27.so
7f7eb545a000-7f7eb545e000 rw-p 00000000 00:00 0 
7f7eb545e000-7f7eb5461000 r-xp 00000000 fd:01 13374142                   /lib/x86_64-linux-gnu/libdl-2.27.so
7f7eb5461000-7f7eb5660000 ---p 00003000 fd:01 13374142                   /lib/x86_64-linux-gnu/libdl-2.27.so
7f7eb5660000-7f7eb5661000 r--p 00002000 fd:01 13374142                   /lib/x86_64-linux-gnu/libdl-2.27.so
7f7eb5661000-7f7eb5662000 rw-p 00003000 fd:01 13374142                   /lib/x86_64-linux-gnu/libdl-2.27.so
7f7eb5662000-7f7eb567c000 r-xp 00000000 fd:01 13374252                   /lib/x86_64-linux-gnu/libpthread-2.27.so
7f7eb567c000-7f7eb587b000 ---p 0001a000 fd:01 13374252                   /lib/x86_64-linux-gnu/libpthread-2.27.so
7f7eb587b000-7f7eb587c000 r--p 00019000 fd:01 13374252                   /lib/x86_64-linux-gnu/libpthread-2.27.so
7f7eb587c000-7f7eb587d000 rw-p 0001a000 fd:01 13374252                   /lib/x86_64-linux-gnu/libpthread-2.27.so
7f7eb587d000-7f7eb5881000 rw-p 00000000 00:00 0 
7f7eb5881000-7f7eb58a8000 r-xp 00000000 fd:01 13374091                   /lib/x86_64-linux-gnu/ld-2.27.so
7f7eb58a8000-7f7eb58ad000 r--s 00041000 fd:01 5120931                    /home/re-animator/.gradle/wrapper/dists/gradle-5.4.1-all/3221gyojl5jsh0helicew7rwx/gradle-5.4.1/lib/commons-lang-2.6.jar
7f7eb58ad000-7f7eb58ba000 r--s 0006d000 fd:01 5120887                    /home/re-animator/.gradle/wrapper/dists/gradle-5.4.1-all/3221gyojl5jsh0helicew7rwx/gradle-5.4.1/lib/gradle-launcher-5.4.1.jar
7f7eb58ba000-7f7eb5921000 rw-p 00000000 00:00 0 
7f7eb5921000-7f7eb593c000 r-xp 00000000 fd:01 6162471                    /home/re-animator/Documents/android-studio/jre/jre/lib/amd64/libzip.so
7f7eb593c000-7f7eb593d000 rw-p 0001a000 fd:01 6162471                    /home/re-animator/Documents/android-studio/jre/jre/lib/amd64/libzip.so
7f7eb593d000-7f7eb5967000 r-xp 00000000 fd:01 6162479                    /home/re-animator/Documents/android-studio/jre/jre/lib/amd64/libjava.so
7f7eb5967000-7f7eb5969000 rw-p 0002a000 fd:01 6162479                    /home/re-animator/Documents/android-studio/jre/jre/lib/amd64/libjava.so
7f7eb5969000-7f7eb596a000 ---p 00000000 00:00 0 
7f7eb596a000-7f7eb596d000 ---p 00000000 00:00 0 
7f7eb596d000-7f7eb5a6c000 rw-p 00000000 00:00 0 
7f7eb5a6c000-7f7eb5a82000 r-xp 00000000 fd:01 7734323                    /home/re-animator/Documents/android-studio/jre/lib/amd64/jli/libjli.so
7f7eb5a82000-7f7eb5a83000 rw-p 00015000 fd:01 7734323                    /home/re-animator/Documents/android-studio/jre/lib/amd64/jli/libjli.so
7f7eb5a83000-7f7eb5a84000 r--s 00001000 fd:01 5120989                    /home/re-animator/.gradle/wrapper/dists/gradle-5.4.1-all/3221gyojl5jsh0helicew7rwx/gradle-5.4.1/lib/native-platform-linux-i386-ncurses6-0.17.jar
7f7eb5a84000-7f7eb5a88000 r--s 00031000 fd:01 5120930                    /home/re-animator/.gradle/wrapper/dists/gradle-5.4.1-all/3221gyojl5jsh0helicew7rwx/gradle-5.4.1/lib/commons-io-2.6.jar
7f7eb5a88000-7f7eb5a8a000 r--s 0001a000 fd:01 5120929                    /home/re-animator/.gradle/wrapper/dists/gradle-5.4.1-all/3221gyojl5jsh0helicew7rwx/gradle-5.4.1/lib/asm-7.0.jar
7f7eb5a8a000-7f7eb5a8c000 r--s 00009000 fd:01 5120937                    /home/re-animator/.gradle/wrapper/dists/gradle-5.4.1-all/3221gyojl5jsh0helicew7rwx/gradle-5.4.1/lib/slf4j-api-1.7.25.jar
7f7eb5a8c000-7f7eb5a8d000 r--s 00004000 fd:01 5120965                    /home/re-animator/.gradle/wrapper/dists/gradle-5.4.1-all/3221gyojl5jsh0helicew7rwx/gradle-5.4.1/lib/ant-launcher-1.9.13.jar
7f7eb5a8d000-7f7eb5a95000 rw-s 00000000 fd:01 14549607                   /tmp/hsperfdata_re-animator/25879
7f7eb5a95000-7f7eb5a96000 rw-p 00000000 00:00 0 
7f7eb5a96000-7f7eb5a97000 ---p 00000000 00:00 0 
7f7eb5a97000-7f7eb5aa4000 r-xp 00000000 fd:01 6162467                    /home/re-animator/Documents/android-studio/jre/jre/lib/amd64/libverify.so
7f7eb5aa4000-7f7eb5aa6000 rw-p 0000c000 fd:01 6162467                    /home/re-animator/Documents/android-studio/jre/jre/lib/amd64/libverify.so
7f7eb5aa6000-7f7eb5aa8000 rw-p 00000000 00:00 0 
7f7eb5aa8000-7f7eb5aa9000 r--p 00027000 fd:01 13374091                   /lib/x86_64-linux-gnu/ld-2.27.so
7f7eb5aa9000-7f7eb5aaa000 rw-p 00028000 fd:01 13374091                   /lib/x86_64-linux-gnu/ld-2.27.so
7f7eb5aaa000-7f7eb5aab000 rw-p 00000000 00:00 0 
7ffe1e340000-7ffe1e362000 rw-p 00000000 00:00 0                          [stack]
7ffe1e3d6000-7ffe1e3d9000 r--p 00000000 00:00 0                          [vvar]
7ffe1e3d9000-7ffe1e3db000 r-xp 00000000 00:00 0                          [vdso]
ffffffffff600000-ffffffffff601000 r-xp 00000000 00:00 0                  [vsyscall]

VM Arguments:
jvm_args: -Xmx1536m -Dfile.encoding=UTF-8 -Duser.country=US -Duser.language=en -Duser.variant 
java_command: org.gradle.launcher.daemon.bootstrap.GradleDaemon 5.4.1
java_class_path (initial): /home/re-animator/.gradle/wrapper/dists/gradle-5.4.1-all/3221gyojl5jsh0helicew7rwx/gradle-5.4.1/lib/gradle-launcher-5.4.1.jar
Launcher Type: SUN_STANDARD

Environment Variables:
JAVA_HOME=/usr/lib/jvm/java-8-oracle
PATH=/home/re-animator/bin:/usr/local/sbin:/usr/local/bin:/usr/sbin:/usr/bin:/sbin:/bin:/usr/games:/usr/local/games:/snap/bin:/home/re-animator/.dotnet/tools:/usr/lib/jvm/java-8-oracle/bin:/usr/lib/jvm/java-8-oracle/db/bin:/usr/lib/jvm/java-8-oracle/jre/bin:/home/re-animator/Android/Sdktools/:/home/re-animator/Android/Sdkplatform-tools/:/opt/mssql-tools/bin
USERNAME=re-animator
SHELL=/bin/bash
DISPLAY=:0

Signal Handlers:
SIGSEGV: [libjvm.so+0xa09650], sa_mask[0]=11111111011111111101111111111110, sa_flags=SA_RESTART|SA_SIGINFO
SIGBUS: [libjvm.so+0xa09650], sa_mask[0]=11111111011111111101111111111110, sa_flags=SA_RESTART|SA_SIGINFO
SIGFPE: [libjvm.so+0x86bc60], sa_mask[0]=11111111011111111101111111111110, sa_flags=SA_RESTART|SA_SIGINFO
SIGPIPE: [libjvm.so+0x86bc60], sa_mask[0]=11111111011111111101111111111110, sa_flags=SA_RESTART|SA_SIGINFO
SIGXFSZ: [libjvm.so+0x86bc60], sa_mask[0]=11111111011111111101111111111110, sa_flags=SA_RESTART|SA_SIGINFO
SIGILL: [libjvm.so+0x86bc60], sa_mask[0]=11111111011111111101111111111110, sa_flags=SA_RESTART|SA_SIGINFO
SIGUSR1: SIG_DFL, sa_mask[0]=00000000000000000000000000000000, sa_flags=none
SIGUSR2: [libjvm.so+0x86bb30], sa_mask[0]=00100000000000000000000000000000, sa_flags=SA_RESTART|SA_SIGINFO
SIGHUP: SIG_IGN, sa_mask[0]=00000000000000000000000000000000, sa_flags=none
SIGINT: [libjvm.so+0x86bd20], sa_mask[0]=11111111011111111101111111111110, sa_flags=SA_RESTART|SA_SIGINFO
SIGTERM: [libjvm.so+0x86bd20], sa_mask[0]=11111111011111111101111111111110, sa_flags=SA_RESTART|SA_SIGINFO
SIGQUIT: [libjvm.so+0x86bd20], sa_mask[0]=11111111011111111101111111111110, sa_flags=SA_RESTART|SA_SIGINFO


---------------  S Y S T E M  ---------------

OS:DISTRIB_ID=Ubuntu
DISTRIB_RELEASE=18.04
DISTRIB_CODENAME=bionic
DISTRIB_DESCRIPTION="Ubuntu 18.04.3 LTS"

uname:Linux 4.15.0-66-generic #75-Ubuntu SMP Tue Oct 1 05:24:09 UTC 2019 x86_64
libc:glibc 2.27 NPTL 2.27 
rlimit: STACK 8192k, CORE 0k, NPROC 30870, NOFILE 4096, AS infinity
load average:34,07 18,65 8,95

/proc/meminfo:
MemTotal:        8044292 kB
MemFree:          102736 kB
MemAvailable:       7772 kB
Buffers:             692 kB
Cached:           749068 kB
SwapCached:         3512 kB
Active:          6694788 kB
Inactive:         846408 kB
Active(anon):    6686948 kB
Inactive(anon):   835944 kB
Active(file):       7840 kB
Inactive(file):    10464 kB
Unevictable:          80 kB
Mlocked:              80 kB
SwapTotal:        999420 kB
SwapFree:              0 kB
Dirty:               124 kB
Writeback:             0 kB
AnonPages:       6788748 kB
Mapped:            38808 kB
Shmem:            731336 kB
Slab:             156296 kB
SReclaimable:      65184 kB
SUnreclaim:        91112 kB
KernelStack:       22704 kB
PageTables:       114828 kB
NFS_Unstable:          0 kB
Bounce:                0 kB
WritebackTmp:          0 kB
CommitLimit:     5021564 kB
Committed_AS:   18217356 kB
VmallocTotal:   34359738367 kB
VmallocUsed:           0 kB
VmallocChunk:          0 kB
HardwareCorrupted:     0 kB
AnonHugePages:         0 kB
ShmemHugePages:        0 kB
ShmemPmdMapped:        0 kB
CmaTotal:              0 kB
CmaFree:               0 kB
HugePages_Total:       0
HugePages_Free:        0
HugePages_Rsvd:        0
HugePages_Surp:        0
Hugepagesize:       2048 kB
DirectMap4k:      519588 kB
DirectMap2M:     7745536 kB
DirectMap1G:           0 kB

container (cgroup) information:
container_type: cgroupv1
cpu_cpuset_cpus: 0-3
cpu_memory_nodes: 0
active_processor_count: 4
cpu_quota: -1
cpu_period: 100000
cpu_shares: -1
memory_limit_in_bytes: -1
memory_and_swap_limit_in_bytes: -2
memory_soft_limit_in_bytes: -1
memory_usage_in_bytes: 7721996288
memory_max_usage_in_bytes: 41984000


CPU:total 4 (initial active 4) (2 cores per cpu, 2 threads per core) family 6 model 69 stepping 1, cmov, cx8, fxsr, mmx, sse, sse2, sse3, ssse3, sse4.1, sse4.2, popcnt, avx, avx2, aes, clmul, erms, lzcnt, ht, tsc, tscinvbit, bmi1, bmi2

/proc/cpuinfo:
processor	: 0
vendor_id	: GenuineIntel
cpu family	: 6
model		: 69
model name	: Intel(R) Core(TM) i7-4600U CPU @ 2.10GHz
stepping	: 1
microcode	: 0x25
cpu MHz		: 2593.757
cache size	: 4096 KB
physical id	: 0
siblings	: 4
core id		: 0
cpu cores	: 2
apicid		: 0
initial apicid	: 0
fpu		: yes
fpu_exception	: yes
cpuid level	: 13
wp		: yes
flags		: fpu vme de pse tsc msr pae mce cx8 apic sep mtrr pge mca cmov pat pse36 clflush dts acpi mmx fxsr sse sse2 ss ht tm pbe syscall nx pdpe1gb rdtscp lm constant_tsc arch_perfmon pebs bts rep_good nopl xtopology nonstop_tsc cpuid aperfmperf pni pclmulqdq dtes64 monitor ds_cpl vmx smx est tm2 ssse3 sdbg fma cx16 xtpr pdcm pcid sse4_1 sse4_2 x2apic movbe popcnt tsc_deadline_timer aes xsave avx f16c rdrand lahf_lm abm cpuid_fault epb invpcid_single pti ssbd ibrs ibpb stibp tpr_shadow vnmi flexpriority ept vpid fsgsbase tsc_adjust bmi1 avx2 smep bmi2 erms invpcid xsaveopt dtherm ida arat pln pts md_clear flush_l1d
bugs		: cpu_meltdown spectre_v1 spectre_v2 spec_store_bypass l1tf mds swapgs
bogomips	: 5387.04
clflush size	: 64
cache_alignment	: 64
address sizes	: 39 bits physical, 48 bits virtual
power management:

processor	: 1
vendor_id	: GenuineIntel
cpu family	: 6
model		: 69
model name	: Intel(R) Core(TM) i7-4600U CPU @ 2.10GHz
stepping	: 1
microcode	: 0x25
cpu MHz		: 2593.779
cache size	: 4096 KB
physical id	: 0
siblings	: 4
core id		: 0
cpu cores	: 2
apicid		: 1
initial apicid	: 1
fpu		: yes
fpu_exception	: yes
cpuid level	: 13
wp		: yes
flags		: fpu vme de pse tsc msr pae mce cx8 apic sep mtrr pge mca cmov pat pse36 clflush dts acpi mmx fxsr sse sse2 ss ht tm pbe syscall nx pdpe1gb rdtscp lm constant_tsc arch_perfmon pebs bts rep_good nopl xtopology nonstop_tsc cpuid aperfmperf pni pclmulqdq dtes64 monitor ds_cpl vmx smx est tm2 ssse3 sdbg fma cx16 xtpr pdcm pcid sse4_1 sse4_2 x2apic movbe popcnt tsc_deadline_timer aes xsave avx f16c rdrand lahf_lm abm cpuid_fault epb invpcid_single pti ssbd ibrs ibpb stibp tpr_shadow vnmi flexpriority ept vpid fsgsbase tsc_adjust bmi1 avx2 smep bmi2 erms invpcid xsaveopt dtherm ida arat pln pts md_clear flush_l1d
bugs		: cpu_meltdown spectre_v1 spectre_v2 spec_store_bypass l1tf mds swapgs
bogomips	: 5387.04
clflush size	: 64
cache_alignment	: 64
address sizes	: 39 bits physical, 48 bits virtual
power management:

processor	: 2
vendor_id	: GenuineIntel
cpu family	: 6
model		: 69
model name	: Intel(R) Core(TM) i7-4600U CPU @ 2.10GHz
stepping	: 1
microcode	: 0x25
cpu MHz		: 2593.763
cache size	: 4096 KB
physical id	: 0
siblings	: 4
core id		: 1
cpu cores	: 2
apicid		: 2
initial apicid	: 2
fpu		: yes
fpu_exception	: yes
cpuid level	: 13
wp		: yes
flags		: fpu vme de pse tsc msr pae mce cx8 apic sep mtrr pge mca cmov pat pse36 clflush dts acpi mmx fxsr sse sse2 ss ht tm pbe syscall nx pdpe1gb rdtscp lm constant_tsc arch_perfmon pebs bts rep_good nopl xtopology nonstop_tsc cpuid aperfmperf pni pclmulqdq dtes64 monitor ds_cpl vmx smx est tm2 ssse3 sdbg fma cx16 xtpr pdcm pcid sse4_1 sse4_2 x2apic movbe popcnt tsc_deadline_timer aes xsave avx f16c rdrand lahf_lm abm cpuid_fault epb invpcid_single pti ssbd ibrs ibpb stibp tpr_shadow vnmi flexpriority ept vpid fsgsbase tsc_adjust bmi1 avx2 smep bmi2 erms invpcid xsaveopt dtherm ida arat pln pts md_clear flush_l1d
bugs		: cpu_meltdown spectre_v1 spectre_v2 spec_store_bypass l1tf mds swapgs
bogomips	: 5387.04
clflush size	: 64
cache_alignment	: 64
address sizes	: 39 bits physical, 48 bits virtual
power management:

processor	: 3
vendor_id	: GenuineIntel
cpu family	: 6
model		: 69
model name	: Intel(R) Core(TM) i7-4600U CPU @ 2.10GHz
stepping	: 1
microcode	: 0x25
cpu MHz		: 2593.760
cache size	: 4096 KB
physical id	: 0
siblings	: 4
core id		: 1
cpu cores	: 2
apicid		: 3
initial apicid	: 3
fpu		: yes
fpu_exception	: yes
cpuid level	: 13
wp		: yes
flags		: fpu vme de pse tsc msr pae mce cx8 apic sep mtrr pge mca cmov pat pse36 clflush dts acpi mmx fxsr sse sse2 ss ht tm pbe syscall nx pdpe1gb rdtscp lm constant_tsc arch_perfmon pebs bts rep_good nopl xtopology nonstop_tsc cpuid aperfmperf pni pclmulqdq dtes64 monitor ds_cpl vmx smx est tm2 ssse3 sdbg fma cx16 xtpr pdcm pcid sse4_1 sse4_2 x2apic movbe popcnt tsc_deadline_timer aes xsave avx f16c rdrand lahf_lm abm cpuid_fault epb invpcid_single pti ssbd ibrs ibpb stibp tpr_shadow vnmi flexpriority ept vpid fsgsbase tsc_adjust bmi1 avx2 smep bmi2 erms invpcid xsaveopt dtherm ida arat pln pts md_clear flush_l1d
bugs		: cpu_meltdown spectre_v1 spectre_v2 spec_store_bypass l1tf mds swapgs
bogomips	: 5387.04
clflush size	: 64
cache_alignment	: 64
address sizes	: 39 bits physical, 48 bits virtual
power management:



Memory: 4k page, physical 8044292k(102532k free), swap 999420k(0k free)

vm_info: OpenJDK 64-Bit Server VM (25.202-b49-5587405) for linux-amd64 JRE (1.8.0_202-release-1483-b49-5587405), built by "android-build" with gcc 4.8

time: Wed Oct 30 22:20:31 2019
timezone: +03
elapsed time: 5 seconds (0d 0h 0m 5s)

